{"/home/projects/bootcamp8/bc8-frontend/Bootcamp-8/src/App.js": {"path":"/home/projects/bootcamp8/bc8-frontend/Bootcamp-8/src/App.js","statementMap":{"0":{"start":{"line":11,"column":2},"end":{"line":21,"column":4}}},"fnMap":{"0":{"name":"App","decl":{"start":{"line":10,"column":9},"end":{"line":10,"column":12}},"loc":{"start":{"line":10,"column":15},"end":{"line":22,"column":1}},"line":10}},"branchMap":{},"s":{"0":0},"f":{"0":0},"b":{}}
,"/home/projects/bootcamp8/bc8-frontend/Bootcamp-8/src/index.js": {"path":"/home/projects/bootcamp8/bc8-frontend/Bootcamp-8/src/index.js","statementMap":{"0":{"start":{"line":5,"column":0},"end":{"line":10,"column":2}}},"fnMap":{},"branchMap":{},"s":{"0":0},"f":{},"b":{}}
,"/home/projects/bootcamp8/bc8-frontend/Bootcamp-8/src/actions/collobartion.js": {"path":"/home/projects/bootcamp8/bc8-frontend/Bootcamp-8/src/actions/collobartion.js","statementMap":{"0":{"start":{"line":3,"column":32},"end":{"line":8,"column":1}},"1":{"start":{"line":4,"column":2},"end":{"line":7,"column":4}}},"fnMap":{"0":{"name":"(anonymous_0)","decl":{"start":{"line":3,"column":32},"end":{"line":3,"column":33}},"loc":{"start":{"line":3,"column":45},"end":{"line":8,"column":1}},"line":3}},"branchMap":{},"s":{"0":0,"1":0},"f":{"0":0},"b":{}}
,"/home/projects/bootcamp8/bc8-frontend/Bootcamp-8/src/actions/departmentAction.js": {"path":"/home/projects/bootcamp8/bc8-frontend/Bootcamp-8/src/actions/departmentAction.js","statementMap":{"0":{"start":{"line":4,"column":34},"end":{"line":9,"column":1}},"1":{"start":{"line":5,"column":2},"end":{"line":8,"column":4}},"2":{"start":{"line":11,"column":34},"end":{"line":16,"column":1}},"3":{"start":{"line":12,"column":2},"end":{"line":15,"column":4}}},"fnMap":{"0":{"name":"(anonymous_0)","decl":{"start":{"line":4,"column":34},"end":{"line":4,"column":35}},"loc":{"start":{"line":4,"column":51},"end":{"line":9,"column":1}},"line":4},"1":{"name":"(anonymous_1)","decl":{"start":{"line":11,"column":34},"end":{"line":11,"column":35}},"loc":{"start":{"line":11,"column":52},"end":{"line":16,"column":1}},"line":11}},"branchMap":{},"s":{"0":0,"1":0,"2":0,"3":0},"f":{"0":0,"1":0},"b":{}}
,"/home/projects/bootcamp8/bc8-frontend/Bootcamp-8/src/actions/domainAction.js": {"path":"/home/projects/bootcamp8/bc8-frontend/Bootcamp-8/src/actions/domainAction.js","statementMap":{"0":{"start":{"line":5,"column":27},"end":{"line":10,"column":1}},"1":{"start":{"line":6,"column":4},"end":{"line":9,"column":6}},"2":{"start":{"line":11,"column":29},"end":{"line":16,"column":1}},"3":{"start":{"line":12,"column":4},"end":{"line":15,"column":6}},"4":{"start":{"line":18,"column":30},"end":{"line":23,"column":1}},"5":{"start":{"line":19,"column":4},"end":{"line":22,"column":6}},"6":{"start":{"line":25,"column":28},"end":{"line":30,"column":1}},"7":{"start":{"line":26,"column":4},"end":{"line":29,"column":6}}},"fnMap":{"0":{"name":"(anonymous_0)","decl":{"start":{"line":5,"column":27},"end":{"line":5,"column":28}},"loc":{"start":{"line":5,"column":40},"end":{"line":10,"column":1}},"line":5},"1":{"name":"(anonymous_1)","decl":{"start":{"line":11,"column":29},"end":{"line":11,"column":30}},"loc":{"start":{"line":11,"column":42},"end":{"line":16,"column":1}},"line":11},"2":{"name":"(anonymous_2)","decl":{"start":{"line":18,"column":30},"end":{"line":18,"column":31}},"loc":{"start":{"line":18,"column":43},"end":{"line":23,"column":1}},"line":18},"3":{"name":"(anonymous_3)","decl":{"start":{"line":25,"column":28},"end":{"line":25,"column":29}},"loc":{"start":{"line":25,"column":46},"end":{"line":30,"column":1}},"line":25}},"branchMap":{},"s":{"0":0,"1":0,"2":0,"3":0,"4":0,"5":0,"6":0,"7":0},"f":{"0":0,"1":0,"2":0,"3":0},"b":{}}
,"/home/projects/bootcamp8/bc8-frontend/Bootcamp-8/src/actions/tabAction.js": {"path":"/home/projects/bootcamp8/bc8-frontend/Bootcamp-8/src/actions/tabAction.js","statementMap":{"0":{"start":{"line":3,"column":35},"end":{"line":8,"column":1}},"1":{"start":{"line":4,"column":2},"end":{"line":7,"column":4}}},"fnMap":{"0":{"name":"(anonymous_0)","decl":{"start":{"line":3,"column":35},"end":{"line":3,"column":36}},"loc":{"start":{"line":3,"column":53},"end":{"line":8,"column":1}},"line":3}},"branchMap":{},"s":{"0":0,"1":0},"f":{"0":0},"b":{}}
,"/home/projects/bootcamp8/bc8-frontend/Bootcamp-8/src/actions/testAction.js": {"path":"/home/projects/bootcamp8/bc8-frontend/Bootcamp-8/src/actions/testAction.js","statementMap":{"0":{"start":{"line":5,"column":4},"end":{"line":5,"column":51}},"1":{"start":{"line":8,"column":27},"end":{"line":10,"column":1}},"2":{"start":{"line":9,"column":4},"end":{"line":9,"column":27}}},"fnMap":{"0":{"name":"onIncrement","decl":{"start":{"line":4,"column":16},"end":{"line":4,"column":27}},"loc":{"start":{"line":4,"column":35},"end":{"line":6,"column":1}},"line":4},"1":{"name":"(anonymous_1)","decl":{"start":{"line":8,"column":27},"end":{"line":8,"column":28}},"loc":{"start":{"line":9,"column":4},"end":{"line":9,"column":27}},"line":9}},"branchMap":{},"s":{"0":0,"1":0,"2":0},"f":{"0":0,"1":0},"b":{}}
,"/home/projects/bootcamp8/bc8-frontend/Bootcamp-8/src/actions/trustGroupAction.js": {"path":"/home/projects/bootcamp8/bc8-frontend/Bootcamp-8/src/actions/trustGroupAction.js","statementMap":{"0":{"start":{"line":6,"column":34},"end":{"line":11,"column":1}},"1":{"start":{"line":7,"column":2},"end":{"line":10,"column":4}},"2":{"start":{"line":12,"column":34},"end":{"line":17,"column":1}},"3":{"start":{"line":13,"column":2},"end":{"line":16,"column":4}},"4":{"start":{"line":18,"column":39},"end":{"line":23,"column":1}},"5":{"start":{"line":19,"column":2},"end":{"line":22,"column":4}},"6":{"start":{"line":24,"column":40},"end":{"line":29,"column":1}},"7":{"start":{"line":25,"column":2},"end":{"line":28,"column":4}}},"fnMap":{"0":{"name":"(anonymous_0)","decl":{"start":{"line":6,"column":34},"end":{"line":6,"column":35}},"loc":{"start":{"line":6,"column":51},"end":{"line":11,"column":1}},"line":6},"1":{"name":"(anonymous_1)","decl":{"start":{"line":12,"column":34},"end":{"line":12,"column":35}},"loc":{"start":{"line":12,"column":51},"end":{"line":17,"column":1}},"line":12},"2":{"name":"(anonymous_2)","decl":{"start":{"line":18,"column":39},"end":{"line":18,"column":40}},"loc":{"start":{"line":18,"column":61},"end":{"line":23,"column":1}},"line":18},"3":{"name":"(anonymous_3)","decl":{"start":{"line":24,"column":40},"end":{"line":24,"column":41}},"loc":{"start":{"line":24,"column":62},"end":{"line":29,"column":1}},"line":24}},"branchMap":{},"s":{"0":0,"1":0,"2":0,"3":0,"4":0,"5":0,"6":0,"7":0},"f":{"0":0,"1":0,"2":0,"3":0},"b":{}}
,"/home/projects/bootcamp8/bc8-frontend/Bootcamp-8/src/actions/userAction.js": {"path":"/home/projects/bootcamp8/bc8-frontend/Bootcamp-8/src/actions/userAction.js","statementMap":{"0":{"start":{"line":4,"column":26},"end":{"line":8,"column":1}},"1":{"start":{"line":5,"column":4},"end":{"line":7,"column":5}},"2":{"start":{"line":10,"column":27},"end":{"line":14,"column":1}},"3":{"start":{"line":11,"column":4},"end":{"line":13,"column":5}}},"fnMap":{"0":{"name":"(anonymous_0)","decl":{"start":{"line":4,"column":26},"end":{"line":4,"column":27}},"loc":{"start":{"line":4,"column":32},"end":{"line":8,"column":1}},"line":4},"1":{"name":"(anonymous_1)","decl":{"start":{"line":10,"column":27},"end":{"line":10,"column":28}},"loc":{"start":{"line":10,"column":33},"end":{"line":14,"column":1}},"line":10}},"branchMap":{},"s":{"0":0,"1":0,"2":0,"3":0},"f":{"0":0,"1":0},"b":{}}
,"/home/projects/bootcamp8/bc8-frontend/Bootcamp-8/src/components/atoms/Button.js": {"path":"/home/projects/bootcamp8/bc8-frontend/Bootcamp-8/src/components/atoms/Button.js","statementMap":{"0":{"start":{"line":4,"column":19},"end":{"line":10,"column":1}},"1":{"start":{"line":5,"column":2},"end":{"line":9,"column":4}}},"fnMap":{"0":{"name":"(anonymous_0)","decl":{"start":{"line":4,"column":19},"end":{"line":4,"column":20}},"loc":{"start":{"line":4,"column":30},"end":{"line":10,"column":1}},"line":4}},"branchMap":{},"s":{"0":0,"1":0},"f":{"0":0},"b":{}}
,"/home/projects/bootcamp8/bc8-frontend/Bootcamp-8/src/components/atoms/index.js": {"path":"/home/projects/bootcamp8/bc8-frontend/Bootcamp-8/src/components/atoms/index.js","statementMap":{},"fnMap":{},"branchMap":{},"s":{},"f":{},"b":{}}
,"/home/projects/bootcamp8/bc8-frontend/Bootcamp-8/src/components/atoms/Chips/BasicChip.js": {"path":"/home/projects/bootcamp8/bc8-frontend/Bootcamp-8/src/components/atoms/Chips/BasicChip.js","statementMap":{"0":{"start":{"line":4,"column":18},"end":{"line":10,"column":3}},"1":{"start":{"line":4,"column":41},"end":{"line":10,"column":1}},"2":{"start":{"line":11,"column":18},"end":{"line":16,"column":1}},"3":{"start":{"line":12,"column":20},"end":{"line":12,"column":31}},"4":{"start":{"line":13,"column":4},"end":{"line":15,"column":5}}},"fnMap":{"0":{"name":"(anonymous_0)","decl":{"start":{"line":4,"column":29},"end":{"line":4,"column":30}},"loc":{"start":{"line":4,"column":41},"end":{"line":10,"column":1}},"line":4},"1":{"name":"(anonymous_1)","decl":{"start":{"line":11,"column":18},"end":{"line":11,"column":19}},"loc":{"start":{"line":11,"column":27},"end":{"line":16,"column":1}},"line":11}},"branchMap":{},"s":{"0":0,"1":0,"2":0,"3":0,"4":0},"f":{"0":0,"1":0},"b":{}}
,"/home/projects/bootcamp8/bc8-frontend/Bootcamp-8/src/components/atoms/Chips/DarkChip.js": {"path":"/home/projects/bootcamp8/bc8-frontend/Bootcamp-8/src/components/atoms/Chips/DarkChip.js","statementMap":{"0":{"start":{"line":4,"column":18},"end":{"line":12,"column":3}},"1":{"start":{"line":4,"column":41},"end":{"line":12,"column":1}},"2":{"start":{"line":13,"column":17},"end":{"line":18,"column":1}},"3":{"start":{"line":14,"column":20},"end":{"line":14,"column":31}},"4":{"start":{"line":15,"column":4},"end":{"line":17,"column":5}}},"fnMap":{"0":{"name":"(anonymous_0)","decl":{"start":{"line":4,"column":29},"end":{"line":4,"column":30}},"loc":{"start":{"line":4,"column":41},"end":{"line":12,"column":1}},"line":4},"1":{"name":"(anonymous_1)","decl":{"start":{"line":13,"column":17},"end":{"line":13,"column":18}},"loc":{"start":{"line":13,"column":26},"end":{"line":18,"column":1}},"line":13}},"branchMap":{},"s":{"0":0,"1":0,"2":0,"3":0,"4":0},"f":{"0":0,"1":0},"b":{}}
,"/home/projects/bootcamp8/bc8-frontend/Bootcamp-8/src/components/atoms/Chips/LightChip.js": {"path":"/home/projects/bootcamp8/bc8-frontend/Bootcamp-8/src/components/atoms/Chips/LightChip.js","statementMap":{"0":{"start":{"line":4,"column":18},"end":{"line":11,"column":3}},"1":{"start":{"line":4,"column":41},"end":{"line":11,"column":1}},"2":{"start":{"line":12,"column":18},"end":{"line":17,"column":1}},"3":{"start":{"line":13,"column":20},"end":{"line":13,"column":31}},"4":{"start":{"line":14,"column":4},"end":{"line":16,"column":5}}},"fnMap":{"0":{"name":"(anonymous_0)","decl":{"start":{"line":4,"column":29},"end":{"line":4,"column":30}},"loc":{"start":{"line":4,"column":41},"end":{"line":11,"column":1}},"line":4},"1":{"name":"(anonymous_1)","decl":{"start":{"line":12,"column":18},"end":{"line":12,"column":19}},"loc":{"start":{"line":12,"column":27},"end":{"line":17,"column":1}},"line":12}},"branchMap":{},"s":{"0":0,"1":0,"2":0,"3":0,"4":0},"f":{"0":0,"1":0},"b":{}}
,"/home/projects/bootcamp8/bc8-frontend/Bootcamp-8/src/components/atoms/Chips/SemiDarkChip.js": {"path":"/home/projects/bootcamp8/bc8-frontend/Bootcamp-8/src/components/atoms/Chips/SemiDarkChip.js","statementMap":{"0":{"start":{"line":4,"column":18},"end":{"line":13,"column":3}},"1":{"start":{"line":4,"column":41},"end":{"line":13,"column":1}},"2":{"start":{"line":14,"column":21},"end":{"line":19,"column":1}},"3":{"start":{"line":15,"column":20},"end":{"line":15,"column":31}},"4":{"start":{"line":16,"column":4},"end":{"line":18,"column":5}}},"fnMap":{"0":{"name":"(anonymous_0)","decl":{"start":{"line":4,"column":29},"end":{"line":4,"column":30}},"loc":{"start":{"line":4,"column":41},"end":{"line":13,"column":1}},"line":4},"1":{"name":"(anonymous_1)","decl":{"start":{"line":14,"column":21},"end":{"line":14,"column":22}},"loc":{"start":{"line":14,"column":30},"end":{"line":19,"column":1}},"line":14}},"branchMap":{},"s":{"0":0,"1":0,"2":0,"3":0,"4":0},"f":{"0":0,"1":0},"b":{}}
,"/home/projects/bootcamp8/bc8-frontend/Bootcamp-8/src/components/atoms/Loader/Loader.js": {"path":"/home/projects/bootcamp8/bc8-frontend/Bootcamp-8/src/components/atoms/Loader/Loader.js","statementMap":{"0":{"start":{"line":7,"column":18},"end":{"line":12,"column":3}},"1":{"start":{"line":7,"column":41},"end":{"line":12,"column":1}},"2":{"start":{"line":14,"column":15},"end":{"line":34,"column":1}},"3":{"start":{"line":15,"column":19},"end":{"line":15,"column":24}},"4":{"start":{"line":16,"column":20},"end":{"line":16,"column":31}},"5":{"start":{"line":18,"column":27},"end":{"line":25,"column":5}},"6":{"start":{"line":27,"column":4},"end":{"line":33,"column":17}}},"fnMap":{"0":{"name":"(anonymous_0)","decl":{"start":{"line":7,"column":29},"end":{"line":7,"column":30}},"loc":{"start":{"line":7,"column":41},"end":{"line":12,"column":1}},"line":7},"1":{"name":"(anonymous_1)","decl":{"start":{"line":14,"column":15},"end":{"line":14,"column":16}},"loc":{"start":{"line":14,"column":26},"end":{"line":34,"column":1}},"line":14}},"branchMap":{},"s":{"0":0,"1":0,"2":0,"3":0,"4":0,"5":0,"6":0},"f":{"0":0,"1":0},"b":{}}
,"/home/projects/bootcamp8/bc8-frontend/Bootcamp-8/src/components/atoms/SideBarIcons/SideBarIcons.js": {"path":"/home/projects/bootcamp8/bc8-frontend/Bootcamp-8/src/components/atoms/SideBarIcons/SideBarIcons.js","statementMap":{"0":{"start":{"line":4,"column":18},"end":{"line":9,"column":2}},"1":{"start":{"line":11,"column":21},"end":{"line":14,"column":1}},"2":{"start":{"line":12,"column":18},"end":{"line":12,"column":27}},"3":{"start":{"line":13,"column":2},"end":{"line":13,"column":58}}},"fnMap":{"0":{"name":"(anonymous_0)","decl":{"start":{"line":11,"column":21},"end":{"line":11,"column":22}},"loc":{"start":{"line":11,"column":32},"end":{"line":14,"column":1}},"line":11}},"branchMap":{},"s":{"0":0,"1":0,"2":0,"3":0},"f":{"0":0},"b":{}}
,"/home/projects/bootcamp8/bc8-frontend/Bootcamp-8/src/components/molecules/CustomTableHeader.js": {"path":"/home/projects/bootcamp8/bc8-frontend/Bootcamp-8/src/components/molecules/CustomTableHeader.js","statementMap":{"0":{"start":{"line":10,"column":18},"end":{"line":41,"column":3}},"1":{"start":{"line":10,"column":36},"end":{"line":41,"column":1}},"2":{"start":{"line":42,"column":26},"end":{"line":86,"column":1}},"3":{"start":{"line":43,"column":27},"end":{"line":55,"column":5}},"4":{"start":{"line":44,"column":8},"end":{"line":49,"column":9}},"5":{"start":{"line":45,"column":12},"end":{"line":45,"column":50}},"6":{"start":{"line":47,"column":13},"end":{"line":49,"column":9}},"7":{"start":{"line":48,"column":12},"end":{"line":48,"column":49}},"8":{"start":{"line":50,"column":24},"end":{"line":50,"column":61}},"9":{"start":{"line":51,"column":8},"end":{"line":51,"column":38}},"10":{"start":{"line":56,"column":20},"end":{"line":56,"column":31}},"11":{"start":{"line":57,"column":4},"end":{"line":85,"column":5}}},"fnMap":{"0":{"name":"(anonymous_0)","decl":{"start":{"line":10,"column":29},"end":{"line":10,"column":30}},"loc":{"start":{"line":10,"column":36},"end":{"line":41,"column":1}},"line":10},"1":{"name":"(anonymous_1)","decl":{"start":{"line":42,"column":26},"end":{"line":42,"column":27}},"loc":{"start":{"line":42,"column":35},"end":{"line":86,"column":1}},"line":42},"2":{"name":"(anonymous_2)","decl":{"start":{"line":43,"column":27},"end":{"line":43,"column":28}},"loc":{"start":{"line":43,"column":37},"end":{"line":55,"column":5}},"line":43}},"branchMap":{"0":{"loc":{"start":{"line":44,"column":8},"end":{"line":49,"column":9}},"type":"if","locations":[{"start":{"line":44,"column":8},"end":{"line":49,"column":9}},{"start":{"line":44,"column":8},"end":{"line":49,"column":9}}],"line":44},"1":{"loc":{"start":{"line":47,"column":13},"end":{"line":49,"column":9}},"type":"if","locations":[{"start":{"line":47,"column":13},"end":{"line":49,"column":9}},{"start":{"line":47,"column":13},"end":{"line":49,"column":9}}],"line":47},"2":{"loc":{"start":{"line":47,"column":16},"end":{"line":47,"column":120}},"type":"binary-expr","locations":[{"start":{"line":47,"column":16},"end":{"line":47,"column":47}},{"start":{"line":47,"column":52},"end":{"line":47,"column":84}},{"start":{"line":47,"column":88},"end":{"line":47,"column":119}}],"line":47},"3":{"loc":{"start":{"line":59,"column":13},"end":{"line":64,"column":19}},"type":"binary-expr","locations":[{"start":{"line":59,"column":13},"end":{"line":59,"column":41}},{"start":{"line":60,"column":12},"end":{"line":64,"column":19}}],"line":59},"4":{"loc":{"start":{"line":66,"column":13},"end":{"line":76,"column":92}},"type":"cond-expr","locations":[{"start":{"line":67,"column":16},"end":{"line":69,"column":29}},{"start":{"line":70,"column":17},"end":{"line":76,"column":92}}],"line":66},"5":{"loc":{"start":{"line":70,"column":17},"end":{"line":76,"column":92}},"type":"cond-expr","locations":[{"start":{"line":71,"column":20},"end":{"line":73,"column":33}},{"start":{"line":74,"column":25},"end":{"line":76,"column":92}}],"line":70},"6":{"loc":{"start":{"line":74,"column":25},"end":{"line":76,"column":92}},"type":"cond-expr","locations":[{"start":{"line":75,"column":24},"end":{"line":75,"column":82}},{"start":{"line":76,"column":34},"end":{"line":76,"column":92}}],"line":74},"7":{"loc":{"start":{"line":80,"column":57},"end":{"line":80,"column":168}},"type":"cond-expr","locations":[{"start":{"line":80,"column":87},"end":{"line":80,"column":142}},{"start":{"line":80,"column":145},"end":{"line":80,"column":168}}],"line":80}},"s":{"0":0,"1":0,"2":0,"3":0,"4":0,"5":0,"6":0,"7":0,"8":0,"9":0,"10":0,"11":0},"f":{"0":0,"1":0,"2":0},"b":{"0":[0,0],"1":[0,0],"2":[0,0,0],"3":[0,0],"4":[0,0],"5":[0,0],"6":[0,0],"7":[0,0]}}
,"/home/projects/bootcamp8/bc8-frontend/Bootcamp-8/src/components/molecules/GroupCellRenderer.js": {"path":"/home/projects/bootcamp8/bc8-frontend/Bootcamp-8/src/components/molecules/GroupCellRenderer.js","statementMap":{"0":{"start":{"line":11,"column":18},"end":{"line":30,"column":3}},"1":{"start":{"line":11,"column":36},"end":{"line":30,"column":1}},"2":{"start":{"line":32,"column":26},"end":{"line":74,"column":1}},"3":{"start":{"line":33,"column":18},"end":{"line":33,"column":29}},"4":{"start":{"line":34,"column":26},"end":{"line":34,"column":31}},"5":{"start":{"line":35,"column":24},"end":{"line":41,"column":3}},"6":{"start":{"line":36,"column":4},"end":{"line":39,"column":5}},"7":{"start":{"line":37,"column":25},"end":{"line":37,"column":91}},"8":{"start":{"line":37,"column":58},"end":{"line":37,"column":90}},"9":{"start":{"line":38,"column":6},"end":{"line":38,"column":45}},"10":{"start":{"line":40,"column":4},"end":{"line":40,"column":14}},"11":{"start":{"line":43,"column":28},"end":{"line":46,"column":3}},"12":{"start":{"line":44,"column":34},"end":{"line":44,"column":67}},"13":{"start":{"line":45,"column":4},"end":{"line":45,"column":66}},"14":{"start":{"line":47,"column":2},"end":{"line":73,"column":4}},"15":{"start":{"line":63,"column":14},"end":{"line":67,"column":16}}},"fnMap":{"0":{"name":"(anonymous_0)","decl":{"start":{"line":11,"column":29},"end":{"line":11,"column":30}},"loc":{"start":{"line":11,"column":36},"end":{"line":30,"column":1}},"line":11},"1":{"name":"(anonymous_1)","decl":{"start":{"line":32,"column":26},"end":{"line":32,"column":27}},"loc":{"start":{"line":32,"column":37},"end":{"line":74,"column":1}},"line":32},"2":{"name":"(anonymous_2)","decl":{"start":{"line":35,"column":24},"end":{"line":35,"column":25}},"loc":{"start":{"line":35,"column":35},"end":{"line":41,"column":3}},"line":35},"3":{"name":"(anonymous_3)","decl":{"start":{"line":37,"column":42},"end":{"line":37,"column":43}},"loc":{"start":{"line":37,"column":58},"end":{"line":37,"column":90}},"line":37},"4":{"name":"(anonymous_4)","decl":{"start":{"line":43,"column":28},"end":{"line":43,"column":29}},"loc":{"start":{"line":43,"column":39},"end":{"line":46,"column":3}},"line":43},"5":{"name":"(anonymous_5)","decl":{"start":{"line":62,"column":29},"end":{"line":62,"column":30}},"loc":{"start":{"line":62,"column":56},"end":{"line":68,"column":13}},"line":62}},"branchMap":{"0":{"loc":{"start":{"line":36,"column":4},"end":{"line":39,"column":5}},"type":"if","locations":[{"start":{"line":36,"column":4},"end":{"line":39,"column":5}},{"start":{"line":36,"column":4},"end":{"line":39,"column":5}}],"line":36},"1":{"loc":{"start":{"line":38,"column":13},"end":{"line":38,"column":44}},"type":"cond-expr","locations":[{"start":{"line":38,"column":26},"end":{"line":38,"column":39}},{"start":{"line":38,"column":42},"end":{"line":38,"column":44}}],"line":38},"2":{"loc":{"start":{"line":49,"column":7},"end":{"line":71,"column":7}},"type":"binary-expr","locations":[{"start":{"line":49,"column":7},"end":{"line":49,"column":18}},{"start":{"line":50,"column":8},"end":{"line":70,"column":22}}],"line":49}},"s":{"0":0,"1":0,"2":0,"3":0,"4":0,"5":0,"6":0,"7":0,"8":0,"9":0,"10":0,"11":0,"12":0,"13":0,"14":0,"15":0},"f":{"0":0,"1":0,"2":0,"3":0,"4":0,"5":0},"b":{"0":[0,0],"1":[0,0],"2":[0,0]}}
,"/home/projects/bootcamp8/bc8-frontend/Bootcamp-8/src/components/molecules/GroupedHeaderCell.js": {"path":"/home/projects/bootcamp8/bc8-frontend/Bootcamp-8/src/components/molecules/GroupedHeaderCell.js","statementMap":{"0":{"start":{"line":10,"column":18},"end":{"line":32,"column":3}},"1":{"start":{"line":10,"column":36},"end":{"line":32,"column":1}},"2":{"start":{"line":34,"column":26},"end":{"line":54,"column":1}},"3":{"start":{"line":35,"column":22},"end":{"line":35,"column":27}},"4":{"start":{"line":36,"column":20},"end":{"line":36,"column":31}},"5":{"start":{"line":37,"column":4},"end":{"line":53,"column":5}}},"fnMap":{"0":{"name":"(anonymous_0)","decl":{"start":{"line":10,"column":29},"end":{"line":10,"column":30}},"loc":{"start":{"line":10,"column":36},"end":{"line":32,"column":1}},"line":10},"1":{"name":"(anonymous_1)","decl":{"start":{"line":34,"column":26},"end":{"line":34,"column":27}},"loc":{"start":{"line":34,"column":37},"end":{"line":54,"column":1}},"line":34}},"branchMap":{"0":{"loc":{"start":{"line":41,"column":17},"end":{"line":44,"column":46}},"type":"cond-expr","locations":[{"start":{"line":41,"column":44},"end":{"line":41,"column":76}},{"start":{"line":42,"column":17},"end":{"line":44,"column":46}}],"line":41},"1":{"loc":{"start":{"line":42,"column":17},"end":{"line":44,"column":46}},"type":"cond-expr","locations":[{"start":{"line":42,"column":41},"end":{"line":42,"column":74}},{"start":{"line":43,"column":17},"end":{"line":44,"column":46}}],"line":42},"2":{"loc":{"start":{"line":43,"column":17},"end":{"line":44,"column":46}},"type":"cond-expr","locations":[{"start":{"line":43,"column":41},"end":{"line":43,"column":71}},{"start":{"line":44,"column":18},"end":{"line":44,"column":46}}],"line":43}},"s":{"0":0,"1":0,"2":0,"3":0,"4":0,"5":0},"f":{"0":0,"1":0},"b":{"0":[0,0],"1":[0,0],"2":[0,0]}}
,"/home/projects/bootcamp8/bc8-frontend/Bootcamp-8/src/components/molecules/GroupedHeaderColumn.js": {"path":"/home/projects/bootcamp8/bc8-frontend/Bootcamp-8/src/components/molecules/GroupedHeaderColumn.js","statementMap":{"0":{"start":{"line":5,"column":28},"end":{"line":14,"column":1}},"1":{"start":{"line":6,"column":8},"end":{"line":13,"column":9}}},"fnMap":{"0":{"name":"(anonymous_0)","decl":{"start":{"line":5,"column":28},"end":{"line":5,"column":29}},"loc":{"start":{"line":5,"column":38},"end":{"line":14,"column":1}},"line":5}},"branchMap":{"0":{"loc":{"start":{"line":8,"column":17},"end":{"line":10,"column":53}},"type":"cond-expr","locations":[{"start":{"line":9,"column":20},"end":{"line":9,"column":31}},{"start":{"line":10,"column":22},"end":{"line":10,"column":53}}],"line":8}},"s":{"0":0,"1":0},"f":{"0":0},"b":{"0":[0,0]}}
,"/home/projects/bootcamp8/bc8-frontend/Bootcamp-8/src/components/molecules/PrimaryColumnGroupedTableCell.js": {"path":"/home/projects/bootcamp8/bc8-frontend/Bootcamp-8/src/components/molecules/PrimaryColumnGroupedTableCell.js","statementMap":{"0":{"start":{"line":11,"column":18},"end":{"line":47,"column":3}},"1":{"start":{"line":11,"column":36},"end":{"line":47,"column":1}},"2":{"start":{"line":49,"column":38},"end":{"line":90,"column":1}},"3":{"start":{"line":50,"column":20},"end":{"line":50,"column":31}},"4":{"start":{"line":51,"column":26},"end":{"line":51,"column":31}},"5":{"start":{"line":53,"column":33},"end":{"line":55,"column":5}},"6":{"start":{"line":54,"column":8},"end":{"line":54,"column":47}},"7":{"start":{"line":56,"column":4},"end":{"line":89,"column":5}}},"fnMap":{"0":{"name":"(anonymous_0)","decl":{"start":{"line":11,"column":29},"end":{"line":11,"column":30}},"loc":{"start":{"line":11,"column":36},"end":{"line":47,"column":1}},"line":11},"1":{"name":"(anonymous_1)","decl":{"start":{"line":49,"column":38},"end":{"line":49,"column":39}},"loc":{"start":{"line":49,"column":49},"end":{"line":90,"column":1}},"line":49},"2":{"name":"(anonymous_2)","decl":{"start":{"line":53,"column":33},"end":{"line":53,"column":34}},"loc":{"start":{"line":53,"column":43},"end":{"line":55,"column":5}},"line":53}},"branchMap":{"0":{"loc":{"start":{"line":58,"column":9},"end":{"line":86,"column":23}},"type":"cond-expr","locations":[{"start":{"line":59,"column":16},"end":{"line":61,"column":23}},{"start":{"line":63,"column":13},"end":{"line":86,"column":23}}],"line":58},"1":{"loc":{"start":{"line":64,"column":18},"end":{"line":75,"column":28}},"type":"cond-expr","locations":[{"start":{"line":65,"column":21},"end":{"line":69,"column":28}},{"start":{"line":71,"column":21},"end":{"line":75,"column":28}}],"line":64}},"s":{"0":0,"1":0,"2":0,"3":0,"4":0,"5":0,"6":0,"7":0},"f":{"0":0,"1":0,"2":0},"b":{"0":[0,0],"1":[0,0]}}
,"/home/projects/bootcamp8/bc8-frontend/Bootcamp-8/src/components/molecules/PrimaryColumnTableCell.js": {"path":"/home/projects/bootcamp8/bc8-frontend/Bootcamp-8/src/components/molecules/PrimaryColumnTableCell.js","statementMap":{"0":{"start":{"line":6,"column":18},"end":{"line":15,"column":3}},"1":{"start":{"line":6,"column":36},"end":{"line":15,"column":1}},"2":{"start":{"line":16,"column":31},"end":{"line":31,"column":1}},"3":{"start":{"line":17,"column":20},"end":{"line":17,"column":31}},"4":{"start":{"line":18,"column":8},"end":{"line":30,"column":9}}},"fnMap":{"0":{"name":"(anonymous_0)","decl":{"start":{"line":6,"column":29},"end":{"line":6,"column":30}},"loc":{"start":{"line":6,"column":36},"end":{"line":15,"column":1}},"line":6},"1":{"name":"(anonymous_1)","decl":{"start":{"line":16,"column":31},"end":{"line":16,"column":32}},"loc":{"start":{"line":16,"column":41},"end":{"line":31,"column":1}},"line":16}},"branchMap":{"0":{"loc":{"start":{"line":20,"column":17},"end":{"line":27,"column":65}},"type":"cond-expr","locations":[{"start":{"line":21,"column":20},"end":{"line":26,"column":27}},{"start":{"line":27,"column":22},"end":{"line":27,"column":65}}],"line":20}},"s":{"0":0,"1":0,"2":0,"3":0,"4":0},"f":{"0":0,"1":0},"b":{"0":[0,0]}}
,"/home/projects/bootcamp8/bc8-frontend/Bootcamp-8/src/components/molecules/RelationShipCellRenderer.js": {"path":"/home/projects/bootcamp8/bc8-frontend/Bootcamp-8/src/components/molecules/RelationShipCellRenderer.js","statementMap":{"0":{"start":{"line":7,"column":33},"end":{"line":20,"column":1}},"1":{"start":{"line":8,"column":4},"end":{"line":19,"column":5}}},"fnMap":{"0":{"name":"(anonymous_0)","decl":{"start":{"line":7,"column":33},"end":{"line":7,"column":34}},"loc":{"start":{"line":7,"column":42},"end":{"line":20,"column":1}},"line":7}},"branchMap":{"0":{"loc":{"start":{"line":10,"column":13},"end":{"line":15,"column":53}},"type":"cond-expr","locations":[{"start":{"line":11,"column":16},"end":{"line":11,"column":48}},{"start":{"line":12,"column":17},"end":{"line":15,"column":53}}],"line":10},"1":{"loc":{"start":{"line":12,"column":17},"end":{"line":15,"column":53}},"type":"cond-expr","locations":[{"start":{"line":13,"column":16},"end":{"line":13,"column":52}},{"start":{"line":14,"column":21},"end":{"line":15,"column":53}}],"line":12},"2":{"loc":{"start":{"line":14,"column":21},"end":{"line":15,"column":53}},"type":"binary-expr","locations":[{"start":{"line":14,"column":21},"end":{"line":14,"column":45}},{"start":{"line":15,"column":20},"end":{"line":15,"column":53}}],"line":14}},"s":{"0":0,"1":0},"f":{"0":0},"b":{"0":[0,0],"1":[0,0],"2":[0,0]}}
,"/home/projects/bootcamp8/bc8-frontend/Bootcamp-8/src/components/molecules/index.js": {"path":"/home/projects/bootcamp8/bc8-frontend/Bootcamp-8/src/components/molecules/index.js","statementMap":{},"fnMap":{},"branchMap":{},"s":{},"f":{},"b":{}}
,"/home/projects/bootcamp8/bc8-frontend/Bootcamp-8/src/components/molecules/CollaborationPlatform/CollaborationPlatform.js": {"path":"/home/projects/bootcamp8/bc8-frontend/Bootcamp-8/src/components/molecules/CollaborationPlatform/CollaborationPlatform.js","statementMap":{"0":{"start":{"line":7,"column":18},"end":{"line":31,"column":3}},"1":{"start":{"line":7,"column":41},"end":{"line":31,"column":1}},"2":{"start":{"line":33,"column":30},"end":{"line":72,"column":1}},"3":{"start":{"line":34,"column":20},"end":{"line":34,"column":31}},"4":{"start":{"line":35,"column":4},"end":{"line":71,"column":4}},"5":{"start":{"line":55,"column":85},"end":{"line":55,"column":117}}},"fnMap":{"0":{"name":"(anonymous_0)","decl":{"start":{"line":7,"column":29},"end":{"line":7,"column":30}},"loc":{"start":{"line":7,"column":41},"end":{"line":31,"column":1}},"line":7},"1":{"name":"(anonymous_1)","decl":{"start":{"line":33,"column":30},"end":{"line":33,"column":31}},"loc":{"start":{"line":33,"column":41},"end":{"line":72,"column":1}},"line":33},"2":{"name":"(anonymous_2)","decl":{"start":{"line":55,"column":81},"end":{"line":55,"column":82}},"loc":{"start":{"line":55,"column":85},"end":{"line":55,"column":117}},"line":55}},"branchMap":{"0":{"loc":{"start":{"line":46,"column":11},"end":{"line":67,"column":11}},"type":"cond-expr","locations":[{"start":{"line":47,"column":14},"end":{"line":60,"column":21}},{"start":{"line":62,"column":12},"end":{"line":66,"column":19}}],"line":46}},"s":{"0":0,"1":0,"2":0,"3":0,"4":0,"5":0},"f":{"0":0,"1":0,"2":0},"b":{"0":[0,0]}}
,"/home/projects/bootcamp8/bc8-frontend/Bootcamp-8/src/components/molecules/CustomMarkIcon/CustomMarkIcon.js": {"path":"/home/projects/bootcamp8/bc8-frontend/Bootcamp-8/src/components/molecules/CustomMarkIcon/CustomMarkIcon.js","statementMap":{"0":{"start":{"line":9,"column":18},"end":{"line":24,"column":3}},"1":{"start":{"line":9,"column":36},"end":{"line":24,"column":1}},"2":{"start":{"line":26,"column":23},"end":{"line":55,"column":1}},"3":{"start":{"line":27,"column":18},"end":{"line":27,"column":29}},"4":{"start":{"line":28,"column":48},"end":{"line":28,"column":53}},"5":{"start":{"line":29,"column":23},"end":{"line":29,"column":36}},"6":{"start":{"line":30,"column":27},"end":{"line":40,"column":3}},"7":{"start":{"line":31,"column":28},"end":{"line":31,"column":46}},"8":{"start":{"line":32,"column":23},"end":{"line":32,"column":100}},"9":{"start":{"line":32,"column":60},"end":{"line":32,"column":99}},"10":{"start":{"line":33,"column":4},"end":{"line":39,"column":5}},"11":{"start":{"line":34,"column":30},"end":{"line":35,"column":110}},"12":{"start":{"line":35,"column":14},"end":{"line":35,"column":108}},"13":{"start":{"line":36,"column":6},"end":{"line":38,"column":7}},"14":{"start":{"line":37,"column":8},"end":{"line":37,"column":68}},"15":{"start":{"line":42,"column":2},"end":{"line":54,"column":4}},"16":{"start":{"line":47,"column":28},"end":{"line":47,"column":81}}},"fnMap":{"0":{"name":"(anonymous_0)","decl":{"start":{"line":9,"column":29},"end":{"line":9,"column":30}},"loc":{"start":{"line":9,"column":36},"end":{"line":24,"column":1}},"line":9},"1":{"name":"(anonymous_1)","decl":{"start":{"line":26,"column":23},"end":{"line":26,"column":24}},"loc":{"start":{"line":26,"column":34},"end":{"line":55,"column":1}},"line":26},"2":{"name":"(anonymous_2)","decl":{"start":{"line":30,"column":27},"end":{"line":30,"column":28}},"loc":{"start":{"line":30,"column":68},"end":{"line":40,"column":3}},"line":30},"3":{"name":"(anonymous_3)","decl":{"start":{"line":32,"column":40},"end":{"line":32,"column":41}},"loc":{"start":{"line":32,"column":60},"end":{"line":32,"column":99}},"line":32},"4":{"name":"(anonymous_4)","decl":{"start":{"line":34,"column":59},"end":{"line":34,"column":60}},"loc":{"start":{"line":35,"column":14},"end":{"line":35,"column":108}},"line":35},"5":{"name":"(anonymous_5)","decl":{"start":{"line":47,"column":17},"end":{"line":47,"column":18}},"loc":{"start":{"line":47,"column":28},"end":{"line":47,"column":81}},"line":47}},"branchMap":{"0":{"loc":{"start":{"line":33,"column":4},"end":{"line":39,"column":5}},"type":"if","locations":[{"start":{"line":33,"column":4},"end":{"line":39,"column":5}},{"start":{"line":33,"column":4},"end":{"line":39,"column":5}}],"line":33},"1":{"loc":{"start":{"line":33,"column":7},"end":{"line":33,"column":34}},"type":"binary-expr","locations":[{"start":{"line":33,"column":7},"end":{"line":33,"column":17}},{"start":{"line":33,"column":21},"end":{"line":33,"column":34}}],"line":33},"2":{"loc":{"start":{"line":35,"column":14},"end":{"line":35,"column":108}},"type":"binary-expr","locations":[{"start":{"line":35,"column":14},"end":{"line":35,"column":60}},{"start":{"line":35,"column":64},"end":{"line":35,"column":108}}],"line":35},"3":{"loc":{"start":{"line":36,"column":6},"end":{"line":38,"column":7}},"type":"if","locations":[{"start":{"line":36,"column":6},"end":{"line":38,"column":7}},{"start":{"line":36,"column":6},"end":{"line":38,"column":7}}],"line":36},"4":{"loc":{"start":{"line":36,"column":9},"end":{"line":36,"column":46}},"type":"binary-expr","locations":[{"start":{"line":36,"column":9},"end":{"line":36,"column":24}},{"start":{"line":36,"column":28},"end":{"line":36,"column":46}}],"line":36},"5":{"loc":{"start":{"line":51,"column":9},"end":{"line":51,"column":113}},"type":"cond-expr","locations":[{"start":{"line":51,"column":23},"end":{"line":51,"column":66}},{"start":{"line":51,"column":69},"end":{"line":51,"column":113}}],"line":51}},"s":{"0":0,"1":0,"2":0,"3":0,"4":0,"5":0,"6":0,"7":0,"8":0,"9":0,"10":0,"11":0,"12":0,"13":0,"14":0,"15":0,"16":0},"f":{"0":0,"1":0,"2":0,"3":0,"4":0,"5":0},"b":{"0":[0,0],"1":[0,0],"2":[0,0],"3":[0,0],"4":[0,0],"5":[0,0]}}
,"/home/projects/bootcamp8/bc8-frontend/Bootcamp-8/src/components/molecules/CustomTab/CustomTab.js": {"path":"/home/projects/bootcamp8/bc8-frontend/Bootcamp-8/src/components/molecules/CustomTab/CustomTab.js","statementMap":{"0":{"start":{"line":5,"column":2},"end":{"line":5,"column":62}}},"fnMap":{"0":{"name":"CustomTab","decl":{"start":{"line":4,"column":24},"end":{"line":4,"column":33}},"loc":{"start":{"line":4,"column":41},"end":{"line":6,"column":1}},"line":4}},"branchMap":{},"s":{"0":14},"f":{"0":14},"b":{},"_coverageSchema":"1a1c01bbd47fc00a2c39e90264f33305004495a9","hash":"95502cfeeae0fcd2c070e46eb925a0c4088d2f2e"}
,"/home/projects/bootcamp8/bc8-frontend/Bootcamp-8/src/components/molecules/Top Panel/CustomMenuItem.js": {"path":"/home/projects/bootcamp8/bc8-frontend/Bootcamp-8/src/components/molecules/Top Panel/CustomMenuItem.js","statementMap":{"0":{"start":{"line":5,"column":18},"end":{"line":17,"column":3}},"1":{"start":{"line":5,"column":41},"end":{"line":17,"column":1}},"2":{"start":{"line":18,"column":23},"end":{"line":38,"column":1}},"3":{"start":{"line":19,"column":80},"end":{"line":19,"column":85}},"4":{"start":{"line":20,"column":20},"end":{"line":20,"column":31}},"5":{"start":{"line":21,"column":4},"end":{"line":37,"column":5}}},"fnMap":{"0":{"name":"(anonymous_0)","decl":{"start":{"line":5,"column":29},"end":{"line":5,"column":30}},"loc":{"start":{"line":5,"column":41},"end":{"line":17,"column":1}},"line":5},"1":{"name":"(anonymous_1)","decl":{"start":{"line":18,"column":23},"end":{"line":18,"column":24}},"loc":{"start":{"line":18,"column":34},"end":{"line":38,"column":1}},"line":18}},"branchMap":{},"s":{"0":0,"1":0,"2":0,"3":0,"4":0,"5":0},"f":{"0":0,"1":0},"b":{}}
,"/home/projects/bootcamp8/bc8-frontend/Bootcamp-8/src/components/molecules/Top Panel/DepartmentMenu.js": {"path":"/home/projects/bootcamp8/bc8-frontend/Bootcamp-8/src/components/molecules/Top Panel/DepartmentMenu.js","statementMap":{"0":{"start":{"line":8,"column":18},"end":{"line":51,"column":3}},"1":{"start":{"line":8,"column":41},"end":{"line":51,"column":1}},"2":{"start":{"line":53,"column":23},"end":{"line":121,"column":1}},"3":{"start":{"line":54,"column":34},"end":{"line":54,"column":54}},"4":{"start":{"line":55,"column":26},"end":{"line":55,"column":31}},"5":{"start":{"line":56,"column":44},"end":{"line":56,"column":55}},"6":{"start":{"line":57,"column":18},"end":{"line":57,"column":29}},"7":{"start":{"line":58,"column":22},"end":{"line":60,"column":3}},"8":{"start":{"line":59,"column":4},"end":{"line":59,"column":22}},"9":{"start":{"line":61,"column":32},"end":{"line":63,"column":3}},"10":{"start":{"line":62,"column":4},"end":{"line":62,"column":37}},"11":{"start":{"line":64,"column":33},"end":{"line":70,"column":3}},"12":{"start":{"line":65,"column":4},"end":{"line":67,"column":5}},"13":{"start":{"line":66,"column":6},"end":{"line":66,"column":30}},"14":{"start":{"line":68,"column":4},"end":{"line":68,"column":22}},"15":{"start":{"line":69,"column":4},"end":{"line":69,"column":40}},"16":{"start":{"line":71,"column":2},"end":{"line":120,"column":4}},"17":{"start":{"line":107,"column":10},"end":{"line":116,"column":12}},"18":{"start":{"line":110,"column":28},"end":{"line":110,"column":57}}},"fnMap":{"0":{"name":"(anonymous_0)","decl":{"start":{"line":8,"column":29},"end":{"line":8,"column":30}},"loc":{"start":{"line":8,"column":41},"end":{"line":51,"column":1}},"line":8},"1":{"name":"(anonymous_1)","decl":{"start":{"line":53,"column":23},"end":{"line":53,"column":24}},"loc":{"start":{"line":53,"column":34},"end":{"line":121,"column":1}},"line":53},"2":{"name":"(anonymous_2)","decl":{"start":{"line":58,"column":22},"end":{"line":58,"column":23}},"loc":{"start":{"line":58,"column":29},"end":{"line":60,"column":3}},"line":58},"3":{"name":"(anonymous_3)","decl":{"start":{"line":61,"column":32},"end":{"line":61,"column":33}},"loc":{"start":{"line":61,"column":43},"end":{"line":63,"column":3}},"line":61},"4":{"name":"(anonymous_4)","decl":{"start":{"line":64,"column":33},"end":{"line":64,"column":34}},"loc":{"start":{"line":64,"column":44},"end":{"line":70,"column":3}},"line":64},"5":{"name":"(anonymous_5)","decl":{"start":{"line":106,"column":25},"end":{"line":106,"column":26}},"loc":{"start":{"line":107,"column":10},"end":{"line":116,"column":12}},"line":107},"6":{"name":"(anonymous_6)","decl":{"start":{"line":110,"column":21},"end":{"line":110,"column":22}},"loc":{"start":{"line":110,"column":28},"end":{"line":110,"column":57}},"line":110}},"branchMap":{"0":{"loc":{"start":{"line":65,"column":4},"end":{"line":67,"column":5}},"type":"if","locations":[{"start":{"line":65,"column":4},"end":{"line":67,"column":5}},{"start":{"line":65,"column":4},"end":{"line":67,"column":5}}],"line":65},"1":{"loc":{"start":{"line":111,"column":23},"end":{"line":111,"column":112}},"type":"cond-expr","locations":[{"start":{"line":111,"column":49},"end":{"line":111,"column":93}},{"start":{"line":111,"column":96},"end":{"line":111,"column":112}}],"line":111}},"s":{"0":0,"1":0,"2":0,"3":0,"4":0,"5":0,"6":0,"7":0,"8":0,"9":0,"10":0,"11":0,"12":0,"13":0,"14":0,"15":0,"16":0,"17":0,"18":0},"f":{"0":0,"1":0,"2":0,"3":0,"4":0,"5":0,"6":0},"b":{"0":[0,0],"1":[0,0]}}
,"/home/projects/bootcamp8/bc8-frontend/Bootcamp-8/src/components/molecules/Top Panel/PanelActions.js": {"path":"/home/projects/bootcamp8/bc8-frontend/Bootcamp-8/src/components/molecules/Top Panel/PanelActions.js","statementMap":{"0":{"start":{"line":4,"column":18},"end":{"line":33,"column":3}},"1":{"start":{"line":4,"column":41},"end":{"line":33,"column":1}},"2":{"start":{"line":34,"column":21},"end":{"line":53,"column":1}},"3":{"start":{"line":35,"column":22},"end":{"line":35,"column":27}},"4":{"start":{"line":36,"column":20},"end":{"line":36,"column":31}},"5":{"start":{"line":37,"column":4},"end":{"line":52,"column":5}},"6":{"start":{"line":40,"column":16},"end":{"line":49,"column":23}}},"fnMap":{"0":{"name":"(anonymous_0)","decl":{"start":{"line":4,"column":29},"end":{"line":4,"column":30}},"loc":{"start":{"line":4,"column":41},"end":{"line":33,"column":1}},"line":4},"1":{"name":"(anonymous_1)","decl":{"start":{"line":34,"column":21},"end":{"line":34,"column":22}},"loc":{"start":{"line":34,"column":32},"end":{"line":53,"column":1}},"line":34},"2":{"name":"(anonymous_2)","decl":{"start":{"line":39,"column":25},"end":{"line":39,"column":26}},"loc":{"start":{"line":40,"column":16},"end":{"line":49,"column":23}},"line":40}},"branchMap":{"0":{"loc":{"start":{"line":41,"column":33},"end":{"line":42,"column":85}},"type":"cond-expr","locations":[{"start":{"line":41,"column":54},"end":{"line":41,"column":102}},{"start":{"line":42,"column":28},"end":{"line":42,"column":85}}],"line":41}},"s":{"0":0,"1":0,"2":0,"3":0,"4":0,"5":0,"6":0},"f":{"0":0,"1":0,"2":0},"b":{"0":[0,0]}}
,"/home/projects/bootcamp8/bc8-frontend/Bootcamp-8/src/components/molecules/Top Panel/PanelSearchBar.js": {"path":"/home/projects/bootcamp8/bc8-frontend/Bootcamp-8/src/components/molecules/Top Panel/PanelSearchBar.js","statementMap":{"0":{"start":{"line":6,"column":24},"end":{"line":27,"column":1}},"1":{"start":{"line":7,"column":88},"end":{"line":7,"column":93}},"2":{"start":{"line":8,"column":4},"end":{"line":26,"column":5}}},"fnMap":{"0":{"name":"(anonymous_0)","decl":{"start":{"line":6,"column":24},"end":{"line":6,"column":25}},"loc":{"start":{"line":6,"column":35},"end":{"line":27,"column":1}},"line":6}},"branchMap":{},"s":{"0":0,"1":0,"2":0},"f":{"0":0},"b":{}}
,"/home/projects/bootcamp8/bc8-frontend/Bootcamp-8/src/components/organisms/TestRedux.js": {"path":"/home/projects/bootcamp8/bc8-frontend/Bootcamp-8/src/components/organisms/TestRedux.js","statementMap":{"0":{"start":{"line":6,"column":18},"end":{"line":19,"column":1}},"1":{"start":{"line":7,"column":21},"end":{"line":7,"column":34}},"2":{"start":{"line":8,"column":22},"end":{"line":8,"column":58}},"3":{"start":{"line":8,"column":42},"end":{"line":8,"column":57}},"4":{"start":{"line":9,"column":4},"end":{"line":18,"column":5}},"5":{"start":{"line":11,"column":49},"end":{"line":11,"column":73}},"6":{"start":{"line":12,"column":51},"end":{"line":12,"column":74}},"7":{"start":{"line":14,"column":41},"end":{"line":14,"column":68}}},"fnMap":{"0":{"name":"(anonymous_0)","decl":{"start":{"line":6,"column":18},"end":{"line":6,"column":19}},"loc":{"start":{"line":6,"column":28},"end":{"line":19,"column":1}},"line":6},"1":{"name":"(anonymous_1)","decl":{"start":{"line":8,"column":34},"end":{"line":8,"column":35}},"loc":{"start":{"line":8,"column":42},"end":{"line":8,"column":57}},"line":8},"2":{"name":"(anonymous_2)","decl":{"start":{"line":11,"column":45},"end":{"line":11,"column":46}},"loc":{"start":{"line":11,"column":49},"end":{"line":11,"column":73}},"line":11},"3":{"name":"(anonymous_3)","decl":{"start":{"line":12,"column":47},"end":{"line":12,"column":48}},"loc":{"start":{"line":12,"column":51},"end":{"line":12,"column":74}},"line":12},"4":{"name":"(anonymous_4)","decl":{"start":{"line":14,"column":27},"end":{"line":14,"column":28}},"loc":{"start":{"line":14,"column":41},"end":{"line":14,"column":68}},"line":14}},"branchMap":{},"s":{"0":0,"1":0,"2":0,"3":0,"4":0,"5":0,"6":0,"7":0},"f":{"0":0,"1":0,"2":0,"3":0,"4":0},"b":{}}
,"/home/projects/bootcamp8/bc8-frontend/Bootcamp-8/src/components/organisms/AllExternalPartnersView/AllExternalPartnersView.js": {"path":"/home/projects/bootcamp8/bc8-frontend/Bootcamp-8/src/components/organisms/AllExternalPartnersView/AllExternalPartnersView.js","statementMap":{"0":{"start":{"line":8,"column":32},"end":{"line":34,"column":1}},"1":{"start":{"line":11,"column":23},"end":{"line":11,"column":73}},"2":{"start":{"line":11,"column":52},"end":{"line":11,"column":72}},"3":{"start":{"line":12,"column":22},"end":{"line":12,"column":39}},"4":{"start":{"line":13,"column":18},"end":{"line":13,"column":31}},"5":{"start":{"line":14,"column":19},"end":{"line":14,"column":32}},"6":{"start":{"line":16,"column":2},"end":{"line":16,"column":42}},"7":{"start":{"line":17,"column":2},"end":{"line":17,"column":34}},"8":{"start":{"line":18,"column":26},"end":{"line":18,"column":65}},"9":{"start":{"line":19,"column":2},"end":{"line":19,"column":50}},"10":{"start":{"line":20,"column":28},"end":{"line":22,"column":3}},"11":{"start":{"line":21,"column":4},"end":{"line":21,"column":47}},"12":{"start":{"line":24,"column":2},"end":{"line":33,"column":4}}},"fnMap":{"0":{"name":"(anonymous_0)","decl":{"start":{"line":8,"column":32},"end":{"line":8,"column":33}},"loc":{"start":{"line":8,"column":43},"end":{"line":34,"column":1}},"line":8},"1":{"name":"(anonymous_1)","decl":{"start":{"line":11,"column":35},"end":{"line":11,"column":36}},"loc":{"start":{"line":11,"column":52},"end":{"line":11,"column":72}},"line":11},"2":{"name":"(anonymous_2)","decl":{"start":{"line":20,"column":28},"end":{"line":20,"column":29}},"loc":{"start":{"line":20,"column":52},"end":{"line":22,"column":3}},"line":20}},"branchMap":{},"s":{"0":0,"1":0,"2":0,"3":0,"4":0,"5":0,"6":0,"7":0,"8":0,"9":0,"10":0,"11":0,"12":0},"f":{"0":0,"1":0,"2":0},"b":{}}
,"/home/projects/bootcamp8/bc8-frontend/Bootcamp-8/src/components/organisms/Authentication/Authentication.js": {"path":"/home/projects/bootcamp8/bc8-frontend/Bootcamp-8/src/components/organisms/Authentication/Authentication.js","statementMap":{"0":{"start":{"line":7,"column":22},"end":{"line":30,"column":1}},"1":{"start":{"line":8,"column":21},"end":{"line":8,"column":34}},"2":{"start":{"line":9,"column":21},"end":{"line":9,"column":69}},"3":{"start":{"line":9,"column":49},"end":{"line":9,"column":68}},"4":{"start":{"line":11,"column":4},"end":{"line":16,"column":10}},"5":{"start":{"line":12,"column":24},"end":{"line":12,"column":57}},"6":{"start":{"line":13,"column":8},"end":{"line":15,"column":9}},"7":{"start":{"line":14,"column":12},"end":{"line":14,"column":35}},"8":{"start":{"line":18,"column":22},"end":{"line":23,"column":5}},"9":{"start":{"line":19,"column":8},"end":{"line":22,"column":9}},"10":{"start":{"line":20,"column":12},"end":{"line":20,"column":64}},"11":{"start":{"line":21,"column":12},"end":{"line":21,"column":35}},"12":{"start":{"line":25,"column":22},"end":{"line":27,"column":5}},"13":{"start":{"line":26,"column":8},"end":{"line":26,"column":49}},"14":{"start":{"line":29,"column":4},"end":{"line":29,"column":97}}},"fnMap":{"0":{"name":"(anonymous_0)","decl":{"start":{"line":7,"column":22},"end":{"line":7,"column":23}},"loc":{"start":{"line":7,"column":33},"end":{"line":30,"column":1}},"line":7},"1":{"name":"(anonymous_1)","decl":{"start":{"line":9,"column":33},"end":{"line":9,"column":34}},"loc":{"start":{"line":9,"column":49},"end":{"line":9,"column":68}},"line":9},"2":{"name":"(anonymous_2)","decl":{"start":{"line":11,"column":14},"end":{"line":11,"column":15}},"loc":{"start":{"line":11,"column":20},"end":{"line":16,"column":5}},"line":11},"3":{"name":"(anonymous_3)","decl":{"start":{"line":18,"column":22},"end":{"line":18,"column":23}},"loc":{"start":{"line":18,"column":36},"end":{"line":23,"column":5}},"line":18},"4":{"name":"(anonymous_4)","decl":{"start":{"line":25,"column":22},"end":{"line":25,"column":23}},"loc":{"start":{"line":25,"column":36},"end":{"line":27,"column":5}},"line":25}},"branchMap":{"0":{"loc":{"start":{"line":13,"column":8},"end":{"line":15,"column":9}},"type":"if","locations":[{"start":{"line":13,"column":8},"end":{"line":15,"column":9}},{"start":{"line":13,"column":8},"end":{"line":15,"column":9}}],"line":13},"1":{"loc":{"start":{"line":19,"column":8},"end":{"line":22,"column":9}},"type":"if","locations":[{"start":{"line":19,"column":8},"end":{"line":22,"column":9}},{"start":{"line":19,"column":8},"end":{"line":22,"column":9}}],"line":19},"2":{"loc":{"start":{"line":29,"column":12},"end":{"line":29,"column":95}},"type":"cond-expr","locations":[{"start":{"line":29,"column":23},"end":{"line":29,"column":35}},{"start":{"line":29,"column":38},"end":{"line":29,"column":95}}],"line":29}},"s":{"0":0,"1":0,"2":0,"3":0,"4":0,"5":0,"6":0,"7":0,"8":0,"9":0,"10":0,"11":0,"12":0,"13":0,"14":0},"f":{"0":0,"1":0,"2":0,"3":0,"4":0},"b":{"0":[0,0],"1":[0,0],"2":[0,0]}}
,"/home/projects/bootcamp8/bc8-frontend/Bootcamp-8/src/components/organisms/BaseComponent/BaseComponent.js": {"path":"/home/projects/bootcamp8/bc8-frontend/Bootcamp-8/src/components/organisms/BaseComponent/BaseComponent.js","statementMap":{"0":{"start":{"line":19,"column":19},"end":{"line":19,"column":32}},"1":{"start":{"line":20,"column":22},"end":{"line":20,"column":71}},"2":{"start":{"line":20,"column":45},"end":{"line":20,"column":70}},"3":{"start":{"line":21,"column":22},"end":{"line":21,"column":71}},"4":{"start":{"line":21,"column":45},"end":{"line":21,"column":70}},"5":{"start":{"line":22,"column":33},"end":{"line":22,"column":93}},"6":{"start":{"line":22,"column":56},"end":{"line":22,"column":92}},"7":{"start":{"line":23,"column":29},"end":{"line":23,"column":85}},"8":{"start":{"line":23,"column":52},"end":{"line":23,"column":84}},"9":{"start":{"line":24,"column":32},"end":{"line":24,"column":91}},"10":{"start":{"line":24,"column":55},"end":{"line":24,"column":90}},"11":{"start":{"line":25,"column":18},"end":{"line":25,"column":63}},"12":{"start":{"line":25,"column":41},"end":{"line":25,"column":62}},"13":{"start":{"line":26,"column":22},"end":{"line":26,"column":71}},"14":{"start":{"line":26,"column":45},"end":{"line":26,"column":70}},"15":{"start":{"line":28,"column":2},"end":{"line":34,"column":9}},"16":{"start":{"line":29,"column":4},"end":{"line":29,"column":33}},"17":{"start":{"line":30,"column":4},"end":{"line":30,"column":73}},"18":{"start":{"line":31,"column":4},"end":{"line":31,"column":48}},"19":{"start":{"line":32,"column":4},"end":{"line":32,"column":33}},"20":{"start":{"line":33,"column":4},"end":{"line":33,"column":64}},"21":{"start":{"line":36,"column":32},"end":{"line":38,"column":3}},"22":{"start":{"line":37,"column":4},"end":{"line":37,"column":64}},"23":{"start":{"line":40,"column":26},"end":{"line":43,"column":3}},"24":{"start":{"line":41,"column":4},"end":{"line":41,"column":41}},"25":{"start":{"line":42,"column":4},"end":{"line":42,"column":27}},"26":{"start":{"line":46,"column":25},"end":{"line":46,"column":46}},"27":{"start":{"line":47,"column":4},"end":{"line":53,"column":10}},"28":{"start":{"line":48,"column":26},"end":{"line":48,"column":62}},"29":{"start":{"line":49,"column":24},"end":{"line":53,"column":7}},"30":{"start":{"line":55,"column":33},"end":{"line":62,"column":3}},"31":{"start":{"line":56,"column":4},"end":{"line":61,"column":5}},"32":{"start":{"line":57,"column":27},"end":{"line":57,"column":51}},"33":{"start":{"line":58,"column":6},"end":{"line":58,"column":49}},"34":{"start":{"line":59,"column":6},"end":{"line":59,"column":60}},"35":{"start":{"line":60,"column":6},"end":{"line":60,"column":69}},"36":{"start":{"line":63,"column":33},"end":{"line":65,"column":3}},"37":{"start":{"line":64,"column":4},"end":{"line":64,"column":34}},"38":{"start":{"line":67,"column":33},"end":{"line":69,"column":3}},"39":{"start":{"line":68,"column":4},"end":{"line":68,"column":34}},"40":{"start":{"line":71,"column":2},"end":{"line":88,"column":4}}},"fnMap":{"0":{"name":"BaseComponent","decl":{"start":{"line":18,"column":24},"end":{"line":18,"column":37}},"loc":{"start":{"line":18,"column":40},"end":{"line":89,"column":1}},"line":18},"1":{"name":"(anonymous_1)","decl":{"start":{"line":20,"column":34},"end":{"line":20,"column":35}},"loc":{"start":{"line":20,"column":45},"end":{"line":20,"column":70}},"line":20},"2":{"name":"(anonymous_2)","decl":{"start":{"line":21,"column":34},"end":{"line":21,"column":35}},"loc":{"start":{"line":21,"column":45},"end":{"line":21,"column":70}},"line":21},"3":{"name":"(anonymous_3)","decl":{"start":{"line":22,"column":45},"end":{"line":22,"column":46}},"loc":{"start":{"line":22,"column":56},"end":{"line":22,"column":92}},"line":22},"4":{"name":"(anonymous_4)","decl":{"start":{"line":23,"column":41},"end":{"line":23,"column":42}},"loc":{"start":{"line":23,"column":52},"end":{"line":23,"column":84}},"line":23},"5":{"name":"(anonymous_5)","decl":{"start":{"line":24,"column":44},"end":{"line":24,"column":45}},"loc":{"start":{"line":24,"column":55},"end":{"line":24,"column":90}},"line":24},"6":{"name":"(anonymous_6)","decl":{"start":{"line":25,"column":30},"end":{"line":25,"column":31}},"loc":{"start":{"line":25,"column":41},"end":{"line":25,"column":62}},"line":25},"7":{"name":"(anonymous_7)","decl":{"start":{"line":26,"column":34},"end":{"line":26,"column":35}},"loc":{"start":{"line":26,"column":45},"end":{"line":26,"column":70}},"line":26},"8":{"name":"(anonymous_8)","decl":{"start":{"line":28,"column":12},"end":{"line":28,"column":13}},"loc":{"start":{"line":28,"column":18},"end":{"line":34,"column":3}},"line":28},"9":{"name":"(anonymous_9)","decl":{"start":{"line":36,"column":32},"end":{"line":36,"column":33}},"loc":{"start":{"line":36,"column":63},"end":{"line":38,"column":3}},"line":36},"10":{"name":"(anonymous_10)","decl":{"start":{"line":40,"column":26},"end":{"line":40,"column":27}},"loc":{"start":{"line":40,"column":44},"end":{"line":43,"column":3}},"line":40},"11":{"name":"getTrustedGroupTableData","decl":{"start":{"line":45,"column":11},"end":{"line":45,"column":35}},"loc":{"start":{"line":45,"column":58},"end":{"line":54,"column":3}},"line":45},"12":{"name":"(anonymous_12)","decl":{"start":{"line":48,"column":14},"end":{"line":48,"column":15}},"loc":{"start":{"line":48,"column":26},"end":{"line":48,"column":62}},"line":48},"13":{"name":"(anonymous_13)","decl":{"start":{"line":49,"column":11},"end":{"line":49,"column":12}},"loc":{"start":{"line":49,"column":24},"end":{"line":53,"column":7}},"line":49},"14":{"name":"(anonymous_14)","decl":{"start":{"line":55,"column":33},"end":{"line":55,"column":34}},"loc":{"start":{"line":55,"column":44},"end":{"line":62,"column":3}},"line":55},"15":{"name":"(anonymous_15)","decl":{"start":{"line":63,"column":33},"end":{"line":63,"column":34}},"loc":{"start":{"line":63,"column":42},"end":{"line":65,"column":3}},"line":63},"16":{"name":"(anonymous_16)","decl":{"start":{"line":67,"column":33},"end":{"line":67,"column":34}},"loc":{"start":{"line":67,"column":41},"end":{"line":69,"column":3}},"line":67}},"branchMap":{"0":{"loc":{"start":{"line":56,"column":4},"end":{"line":61,"column":5}},"type":"if","locations":[{"start":{"line":56,"column":4},"end":{"line":61,"column":5}},{"start":{"line":56,"column":4},"end":{"line":61,"column":5}}],"line":56},"1":{"loc":{"start":{"line":75,"column":7},"end":{"line":86,"column":7}},"type":"cond-expr","locations":[{"start":{"line":76,"column":8},"end":{"line":81,"column":10}},{"start":{"line":82,"column":10},"end":{"line":86,"column":7}}],"line":75},"2":{"loc":{"start":{"line":82,"column":10},"end":{"line":86,"column":7}},"type":"cond-expr","locations":[{"start":{"line":83,"column":8},"end":{"line":83,"column":79}},{"start":{"line":85,"column":8},"end":{"line":85,"column":84}}],"line":82}},"s":{"0":0,"1":0,"2":0,"3":0,"4":0,"5":0,"6":0,"7":0,"8":0,"9":0,"10":0,"11":0,"12":0,"13":0,"14":0,"15":0,"16":0,"17":0,"18":0,"19":0,"20":0,"21":0,"22":0,"23":0,"24":0,"25":0,"26":0,"27":0,"28":0,"29":0,"30":0,"31":0,"32":0,"33":0,"34":0,"35":0,"36":0,"37":0,"38":0,"39":0,"40":0},"f":{"0":0,"1":0,"2":0,"3":0,"4":0,"5":0,"6":0,"7":0,"8":0,"9":0,"10":0,"11":0,"12":0,"13":0,"14":0,"15":0,"16":0},"b":{"0":[0,0],"1":[0,0],"2":[0,0]}}
,"/home/projects/bootcamp8/bc8-frontend/Bootcamp-8/src/components/organisms/Body/Body.js": {"path":"/home/projects/bootcamp8/bc8-frontend/Bootcamp-8/src/components/organisms/Body/Body.js","statementMap":{"0":{"start":{"line":5,"column":13},"end":{"line":7,"column":1}},"1":{"start":{"line":6,"column":2},"end":{"line":6,"column":88}}},"fnMap":{"0":{"name":"(anonymous_0)","decl":{"start":{"line":5,"column":13},"end":{"line":5,"column":14}},"loc":{"start":{"line":5,"column":24},"end":{"line":7,"column":1}},"line":5}},"branchMap":{"0":{"loc":{"start":{"line":6,"column":15},"end":{"line":6,"column":80}},"type":"cond-expr","locations":[{"start":{"line":6,"column":40},"end":{"line":6,"column":57}},{"start":{"line":6,"column":60},"end":{"line":6,"column":80}}],"line":6}},"s":{"0":0,"1":0},"f":{"0":0},"b":{"0":[0,0]}}
,"/home/projects/bootcamp8/bc8-frontend/Bootcamp-8/src/components/organisms/Body/BodyContainer.js": {"path":"/home/projects/bootcamp8/bc8-frontend/Bootcamp-8/src/components/organisms/Body/BodyContainer.js","statementMap":{"0":{"start":{"line":6,"column":22},"end":{"line":12,"column":1}},"1":{"start":{"line":7,"column":25},"end":{"line":7,"column":73}},"2":{"start":{"line":7,"column":52},"end":{"line":7,"column":72}},"3":{"start":{"line":9,"column":4},"end":{"line":11,"column":5}}},"fnMap":{"0":{"name":"(anonymous_0)","decl":{"start":{"line":6,"column":22},"end":{"line":6,"column":23}},"loc":{"start":{"line":6,"column":33},"end":{"line":12,"column":1}},"line":6},"1":{"name":"(anonymous_1)","decl":{"start":{"line":7,"column":37},"end":{"line":7,"column":38}},"loc":{"start":{"line":7,"column":52},"end":{"line":7,"column":72}},"line":7}},"branchMap":{},"s":{"0":0,"1":0,"2":0,"3":0},"f":{"0":0,"1":0},"b":{}}
,"/home/projects/bootcamp8/bc8-frontend/Bootcamp-8/src/components/organisms/Login/Login.js": {"path":"/home/projects/bootcamp8/bc8-frontend/Bootcamp-8/src/components/organisms/Login/Login.js","statementMap":{"0":{"start":{"line":5,"column":14},"end":{"line":14,"column":1}},"1":{"start":{"line":7,"column":4},"end":{"line":13,"column":8}}},"fnMap":{"0":{"name":"(anonymous_0)","decl":{"start":{"line":5,"column":14},"end":{"line":5,"column":15}},"loc":{"start":{"line":5,"column":42},"end":{"line":14,"column":1}},"line":5}},"branchMap":{},"s":{"0":0,"1":0},"f":{"0":0},"b":{}}
,"/home/projects/bootcamp8/bc8-frontend/Bootcamp-8/src/components/organisms/Modal/CreateModalComponent.js": {"path":"/home/projects/bootcamp8/bc8-frontend/Bootcamp-8/src/components/organisms/Modal/CreateModalComponent.js","statementMap":{"0":{"start":{"line":10,"column":29},"end":{"line":72,"column":1}},"1":{"start":{"line":11,"column":29},"end":{"line":11,"column":34}},"2":{"start":{"line":12,"column":28},"end":{"line":12,"column":46}},"3":{"start":{"line":13,"column":30},"end":{"line":13,"column":51}},"4":{"start":{"line":14,"column":30},"end":{"line":17,"column":5}},"5":{"start":{"line":15,"column":8},"end":{"line":15,"column":36}},"6":{"start":{"line":16,"column":8},"end":{"line":16,"column":33}},"7":{"start":{"line":16,"column":17},"end":{"line":16,"column":33}},"8":{"start":{"line":18,"column":30},"end":{"line":26,"column":5}},"9":{"start":{"line":19,"column":8},"end":{"line":25,"column":9}},"10":{"start":{"line":20,"column":12},"end":{"line":20,"column":43}},"11":{"start":{"line":21,"column":12},"end":{"line":21,"column":26}},"12":{"start":{"line":24,"column":12},"end":{"line":24,"column":27}},"13":{"start":{"line":27,"column":24},"end":{"line":31,"column":5}},"14":{"start":{"line":28,"column":8},"end":{"line":28,"column":28}},"15":{"start":{"line":29,"column":8},"end":{"line":29,"column":24}},"16":{"start":{"line":30,"column":8},"end":{"line":30,"column":20}},"17":{"start":{"line":32,"column":4},"end":{"line":71,"column":5}}},"fnMap":{"0":{"name":"(anonymous_0)","decl":{"start":{"line":10,"column":29},"end":{"line":10,"column":30}},"loc":{"start":{"line":10,"column":38},"end":{"line":72,"column":1}},"line":10},"1":{"name":"(anonymous_1)","decl":{"start":{"line":14,"column":30},"end":{"line":14,"column":31}},"loc":{"start":{"line":14,"column":41},"end":{"line":17,"column":5}},"line":14},"2":{"name":"(anonymous_2)","decl":{"start":{"line":18,"column":30},"end":{"line":18,"column":31}},"loc":{"start":{"line":18,"column":34},"end":{"line":26,"column":5}},"line":18},"3":{"name":"(anonymous_3)","decl":{"start":{"line":27,"column":24},"end":{"line":27,"column":25}},"loc":{"start":{"line":27,"column":28},"end":{"line":31,"column":5}},"line":27}},"branchMap":{"0":{"loc":{"start":{"line":16,"column":8},"end":{"line":16,"column":33}},"type":"if","locations":[{"start":{"line":16,"column":8},"end":{"line":16,"column":33}},{"start":{"line":16,"column":8},"end":{"line":16,"column":33}}],"line":16},"1":{"loc":{"start":{"line":19,"column":8},"end":{"line":25,"column":9}},"type":"if","locations":[{"start":{"line":19,"column":8},"end":{"line":25,"column":9}},{"start":{"line":19,"column":8},"end":{"line":25,"column":9}}],"line":19}},"s":{"0":1,"1":4,"2":4,"3":4,"4":4,"5":0,"6":0,"7":0,"8":4,"9":0,"10":0,"11":0,"12":0,"13":4,"14":0,"15":0,"16":0,"17":4},"f":{"0":4,"1":0,"2":0,"3":0},"b":{"0":[0,0],"1":[0,0]},"_coverageSchema":"1a1c01bbd47fc00a2c39e90264f33305004495a9","hash":"5a1b1ebf710a3ab5ba3fa777cac4b6494c8a76fa"}
,"/home/projects/bootcamp8/bc8-frontend/Bootcamp-8/src/components/organisms/ModalForCollaborationPlatform/ModalForCollaborationPlatform.js": {"path":"/home/projects/bootcamp8/bc8-frontend/Bootcamp-8/src/components/organisms/ModalForCollaborationPlatform/ModalForCollaborationPlatform.js","statementMap":{"0":{"start":{"line":7,"column":38},"end":{"line":52,"column":1}},"1":{"start":{"line":8,"column":30},"end":{"line":8,"column":42}},"2":{"start":{"line":9,"column":2},"end":{"line":51,"column":4}},"3":{"start":{"line":30,"column":16},"end":{"line":44,"column":23}},"4":{"start":{"line":31,"column":38},"end":{"line":31,"column":63}}},"fnMap":{"0":{"name":"(anonymous_0)","decl":{"start":{"line":7,"column":38},"end":{"line":7,"column":39}},"loc":{"start":{"line":7,"column":49},"end":{"line":52,"column":1}},"line":7},"1":{"name":"(anonymous_1)","decl":{"start":{"line":29,"column":42},"end":{"line":29,"column":43}},"loc":{"start":{"line":30,"column":16},"end":{"line":44,"column":23}},"line":30},"2":{"name":"(anonymous_2)","decl":{"start":{"line":31,"column":32},"end":{"line":31,"column":33}},"loc":{"start":{"line":31,"column":38},"end":{"line":31,"column":63}},"line":31}},"branchMap":{"0":{"loc":{"start":{"line":40,"column":31},"end":{"line":40,"column":71}},"type":"cond-expr","locations":[{"start":{"line":40,"column":59},"end":{"line":40,"column":63}},{"start":{"line":40,"column":66},"end":{"line":40,"column":71}}],"line":40}},"s":{"0":0,"1":0,"2":0,"3":0,"4":0},"f":{"0":0,"1":0,"2":0},"b":{"0":[0,0]}}
,"/home/projects/bootcamp8/bc8-frontend/Bootcamp-8/src/components/organisms/ModalForCollaborationPlatform/ModalForCollaborationPlatformContainer.js": {"path":"/home/projects/bootcamp8/bc8-frontend/Bootcamp-8/src/components/organisms/ModalForCollaborationPlatform/ModalForCollaborationPlatformContainer.js","statementMap":{"0":{"start":{"line":13,"column":47},"end":{"line":31,"column":1}},"1":{"start":{"line":14,"column":19},"end":{"line":14,"column":32}},"2":{"start":{"line":16,"column":26},"end":{"line":23,"column":3}},"3":{"start":{"line":24,"column":2},"end":{"line":30,"column":4}},"4":{"start":{"line":28,"column":35},"end":{"line":28,"column":68}}},"fnMap":{"0":{"name":"(anonymous_0)","decl":{"start":{"line":13,"column":47},"end":{"line":13,"column":48}},"loc":{"start":{"line":13,"column":58},"end":{"line":31,"column":1}},"line":13},"1":{"name":"(anonymous_1)","decl":{"start":{"line":28,"column":24},"end":{"line":28,"column":25}},"loc":{"start":{"line":28,"column":35},"end":{"line":28,"column":68}},"line":28}},"branchMap":{},"s":{"0":0,"1":0,"2":0,"3":0,"4":0},"f":{"0":0,"1":0},"b":{}}
,"/home/projects/bootcamp8/bc8-frontend/Bootcamp-8/src/components/organisms/PermissionAccess/ActivePermission.js": {"path":"/home/projects/bootcamp8/bc8-frontend/Bootcamp-8/src/components/organisms/PermissionAccess/ActivePermission.js","statementMap":{"0":{"start":{"line":8,"column":18},"end":{"line":17,"column":2}},"1":{"start":{"line":19,"column":25},"end":{"line":48,"column":1}},"2":{"start":{"line":20,"column":20},"end":{"line":20,"column":31}},"3":{"start":{"line":21,"column":38},"end":{"line":21,"column":53}},"4":{"start":{"line":22,"column":4},"end":{"line":47,"column":6}},"5":{"start":{"line":36,"column":108},"end":{"line":36,"column":126}},"6":{"start":{"line":42,"column":78},"end":{"line":42,"column":97}}},"fnMap":{"0":{"name":"(anonymous_0)","decl":{"start":{"line":19,"column":25},"end":{"line":19,"column":26}},"loc":{"start":{"line":19,"column":31},"end":{"line":48,"column":1}},"line":19},"1":{"name":"(anonymous_1)","decl":{"start":{"line":36,"column":102},"end":{"line":36,"column":103}},"loc":{"start":{"line":36,"column":108},"end":{"line":36,"column":126}},"line":36},"2":{"name":"(anonymous_2)","decl":{"start":{"line":42,"column":72},"end":{"line":42,"column":73}},"loc":{"start":{"line":42,"column":78},"end":{"line":42,"column":97}},"line":42}},"branchMap":{},"s":{"0":0,"1":0,"2":0,"3":0,"4":0,"5":0,"6":0},"f":{"0":0,"1":0,"2":0},"b":{}}
,"/home/projects/bootcamp8/bc8-frontend/Bootcamp-8/src/components/organisms/SideNavigationBar/SideNavigationBar.js": {"path":"/home/projects/bootcamp8/bc8-frontend/Bootcamp-8/src/components/organisms/SideNavigationBar/SideNavigationBar.js","statementMap":{"0":{"start":{"line":16,"column":18},"end":{"line":38,"column":2}},"1":{"start":{"line":40,"column":26},"end":{"line":143,"column":1}},"2":{"start":{"line":41,"column":18},"end":{"line":41,"column":29}},"3":{"start":{"line":42,"column":30},"end":{"line":42,"column":47}},"4":{"start":{"line":43,"column":24},"end":{"line":43,"column":41}},"5":{"start":{"line":45,"column":26},"end":{"line":47,"column":3}},"6":{"start":{"line":46,"column":4},"end":{"line":46,"column":28}},"7":{"start":{"line":49,"column":20},"end":{"line":51,"column":3}},"8":{"start":{"line":50,"column":4},"end":{"line":50,"column":49}},"9":{"start":{"line":53,"column":2},"end":{"line":142,"column":4}},"10":{"start":{"line":70,"column":31},"end":{"line":70,"column":49}},"11":{"start":{"line":78,"column":31},"end":{"line":78,"column":50}},"12":{"start":{"line":86,"column":31},"end":{"line":86,"column":49}},"13":{"start":{"line":94,"column":31},"end":{"line":94,"column":50}},"14":{"start":{"line":102,"column":31},"end":{"line":102,"column":49}},"15":{"start":{"line":114,"column":31},"end":{"line":114,"column":46}},"16":{"start":{"line":126,"column":16},"end":{"line":134,"column":30}},"17":{"start":{"line":129,"column":20},"end":{"line":129,"column":36}},"18":{"start":{"line":130,"column":20},"end":{"line":130,"column":41}}},"fnMap":{"0":{"name":"(anonymous_0)","decl":{"start":{"line":40,"column":26},"end":{"line":40,"column":27}},"loc":{"start":{"line":40,"column":37},"end":{"line":143,"column":1}},"line":40},"1":{"name":"(anonymous_1)","decl":{"start":{"line":45,"column":26},"end":{"line":45,"column":27}},"loc":{"start":{"line":45,"column":32},"end":{"line":47,"column":3}},"line":45},"2":{"name":"(anonymous_2)","decl":{"start":{"line":49,"column":20},"end":{"line":49,"column":21}},"loc":{"start":{"line":49,"column":29},"end":{"line":51,"column":3}},"line":49},"3":{"name":"(anonymous_3)","decl":{"start":{"line":70,"column":25},"end":{"line":70,"column":26}},"loc":{"start":{"line":70,"column":31},"end":{"line":70,"column":49}},"line":70},"4":{"name":"(anonymous_4)","decl":{"start":{"line":78,"column":25},"end":{"line":78,"column":26}},"loc":{"start":{"line":78,"column":31},"end":{"line":78,"column":50}},"line":78},"5":{"name":"(anonymous_5)","decl":{"start":{"line":86,"column":25},"end":{"line":86,"column":26}},"loc":{"start":{"line":86,"column":31},"end":{"line":86,"column":49}},"line":86},"6":{"name":"(anonymous_6)","decl":{"start":{"line":94,"column":25},"end":{"line":94,"column":26}},"loc":{"start":{"line":94,"column":31},"end":{"line":94,"column":50}},"line":94},"7":{"name":"(anonymous_7)","decl":{"start":{"line":102,"column":25},"end":{"line":102,"column":26}},"loc":{"start":{"line":102,"column":31},"end":{"line":102,"column":49}},"line":102},"8":{"name":"(anonymous_8)","decl":{"start":{"line":114,"column":25},"end":{"line":114,"column":26}},"loc":{"start":{"line":114,"column":31},"end":{"line":114,"column":46}},"line":114},"9":{"name":"(anonymous_9)","decl":{"start":{"line":125,"column":22},"end":{"line":125,"column":23}},"loc":{"start":{"line":125,"column":37},"end":{"line":135,"column":15}},"line":125},"10":{"name":"(anonymous_10)","decl":{"start":{"line":128,"column":27},"end":{"line":128,"column":28}},"loc":{"start":{"line":128,"column":33},"end":{"line":131,"column":19}},"line":128}},"branchMap":{"0":{"loc":{"start":{"line":69,"column":27},"end":{"line":69,"column":78}},"type":"cond-expr","locations":[{"start":{"line":69,"column":47},"end":{"line":69,"column":63}},{"start":{"line":69,"column":66},"end":{"line":69,"column":78}}],"line":69},"1":{"loc":{"start":{"line":77,"column":27},"end":{"line":77,"column":79}},"type":"cond-expr","locations":[{"start":{"line":77,"column":48},"end":{"line":77,"column":64}},{"start":{"line":77,"column":67},"end":{"line":77,"column":79}}],"line":77},"2":{"loc":{"start":{"line":85,"column":27},"end":{"line":85,"column":78}},"type":"cond-expr","locations":[{"start":{"line":85,"column":47},"end":{"line":85,"column":63}},{"start":{"line":85,"column":66},"end":{"line":85,"column":78}}],"line":85},"3":{"loc":{"start":{"line":93,"column":27},"end":{"line":93,"column":79}},"type":"cond-expr","locations":[{"start":{"line":93,"column":48},"end":{"line":93,"column":64}},{"start":{"line":93,"column":67},"end":{"line":93,"column":79}}],"line":93},"4":{"loc":{"start":{"line":101,"column":27},"end":{"line":101,"column":78}},"type":"cond-expr","locations":[{"start":{"line":101,"column":47},"end":{"line":101,"column":63}},{"start":{"line":101,"column":66},"end":{"line":101,"column":78}}],"line":101},"5":{"loc":{"start":{"line":113,"column":27},"end":{"line":113,"column":73}},"type":"cond-expr","locations":[{"start":{"line":113,"column":44},"end":{"line":113,"column":58}},{"start":{"line":113,"column":61},"end":{"line":113,"column":73}}],"line":113},"6":{"loc":{"start":{"line":127,"column":29},"end":{"line":127,"column":76}},"type":"cond-expr","locations":[{"start":{"line":127,"column":47},"end":{"line":127,"column":61}},{"start":{"line":127,"column":64},"end":{"line":127,"column":76}}],"line":127}},"s":{"0":0,"1":0,"2":0,"3":0,"4":0,"5":0,"6":0,"7":0,"8":0,"9":0,"10":0,"11":0,"12":0,"13":0,"14":0,"15":0,"16":0,"17":0,"18":0},"f":{"0":0,"1":0,"2":0,"3":0,"4":0,"5":0,"6":0,"7":0,"8":0,"9":0,"10":0},"b":{"0":[0,0],"1":[0,0],"2":[0,0],"3":[0,0],"4":[0,0],"5":[0,0],"6":[0,0]}}
,"/home/projects/bootcamp8/bc8-frontend/Bootcamp-8/src/components/organisms/Tables/AllExternalPartnersTable/AllExternalPartnersTable.js": {"path":"/home/projects/bootcamp8/bc8-frontend/Bootcamp-8/src/components/organisms/Tables/AllExternalPartnersTable/AllExternalPartnersTable.js","statementMap":{"0":{"start":{"line":10,"column":33},"end":{"line":128,"column":1}},"1":{"start":{"line":11,"column":30},"end":{"line":11,"column":40}},"2":{"start":{"line":12,"column":26},"end":{"line":12,"column":31}},"3":{"start":{"line":14,"column":2},"end":{"line":18,"column":19}},"4":{"start":{"line":15,"column":4},"end":{"line":17,"column":5}},"5":{"start":{"line":16,"column":6},"end":{"line":16,"column":37}},"6":{"start":{"line":20,"column":22},"end":{"line":100,"column":3}},"7":{"start":{"line":33,"column":12},"end":{"line":33,"column":74}},"8":{"start":{"line":47,"column":8},"end":{"line":55,"column":9}},"9":{"start":{"line":48,"column":10},"end":{"line":52,"column":11}},"10":{"start":{"line":49,"column":12},"end":{"line":49,"column":51}},"11":{"start":{"line":51,"column":12},"end":{"line":51,"column":55}},"12":{"start":{"line":54,"column":10},"end":{"line":54,"column":22}},"13":{"start":{"line":64,"column":6},"end":{"line":64,"column":67}},"14":{"start":{"line":68,"column":6},"end":{"line":84,"column":7}},"15":{"start":{"line":69,"column":8},"end":{"line":81,"column":9}},"16":{"start":{"line":70,"column":10},"end":{"line":74,"column":12}},"17":{"start":{"line":76,"column":10},"end":{"line":80,"column":12}},"18":{"start":{"line":83,"column":8},"end":{"line":83,"column":71}},"19":{"start":{"line":101,"column":22},"end":{"line":103,"column":3}},"20":{"start":{"line":102,"column":4},"end":{"line":102,"column":27}},"21":{"start":{"line":104,"column":2},"end":{"line":127,"column":4}}},"fnMap":{"0":{"name":"(anonymous_0)","decl":{"start":{"line":10,"column":33},"end":{"line":10,"column":34}},"loc":{"start":{"line":10,"column":44},"end":{"line":128,"column":1}},"line":10},"1":{"name":"(anonymous_1)","decl":{"start":{"line":14,"column":12},"end":{"line":14,"column":13}},"loc":{"start":{"line":14,"column":18},"end":{"line":18,"column":3}},"line":14},"2":{"name":"(anonymous_2)","decl":{"start":{"line":32,"column":29},"end":{"line":32,"column":30}},"loc":{"start":{"line":33,"column":12},"end":{"line":33,"column":74}},"line":33},"3":{"name":"(anonymous_3)","decl":{"start":{"line":46,"column":17},"end":{"line":46,"column":18}},"loc":{"start":{"line":46,"column":29},"end":{"line":56,"column":7}},"line":46},"4":{"name":"(anonymous_4)","decl":{"start":{"line":63,"column":18},"end":{"line":63,"column":19}},"loc":{"start":{"line":63,"column":30},"end":{"line":65,"column":5}},"line":63},"5":{"name":"(anonymous_5)","decl":{"start":{"line":67,"column":17},"end":{"line":67,"column":18}},"loc":{"start":{"line":67,"column":29},"end":{"line":85,"column":5}},"line":67},"6":{"name":"(anonymous_6)","decl":{"start":{"line":101,"column":22},"end":{"line":101,"column":23}},"loc":{"start":{"line":101,"column":34},"end":{"line":103,"column":3}},"line":101}},"branchMap":{"0":{"loc":{"start":{"line":15,"column":4},"end":{"line":17,"column":5}},"type":"if","locations":[{"start":{"line":15,"column":4},"end":{"line":17,"column":5}},{"start":{"line":15,"column":4},"end":{"line":17,"column":5}}],"line":15},"1":{"loc":{"start":{"line":47,"column":8},"end":{"line":55,"column":9}},"type":"if","locations":[{"start":{"line":47,"column":8},"end":{"line":55,"column":9}},{"start":{"line":47,"column":8},"end":{"line":55,"column":9}}],"line":47},"2":{"loc":{"start":{"line":48,"column":10},"end":{"line":52,"column":11}},"type":"if","locations":[{"start":{"line":48,"column":10},"end":{"line":52,"column":11}},{"start":{"line":48,"column":10},"end":{"line":52,"column":11}}],"line":48},"3":{"loc":{"start":{"line":64,"column":13},"end":{"line":64,"column":66}},"type":"cond-expr","locations":[{"start":{"line":64,"column":34},"end":{"line":64,"column":36}},{"start":{"line":64,"column":39},"end":{"line":64,"column":66}}],"line":64},"4":{"loc":{"start":{"line":64,"column":39},"end":{"line":64,"column":66}},"type":"cond-expr","locations":[{"start":{"line":64,"column":59},"end":{"line":64,"column":61}},{"start":{"line":64,"column":64},"end":{"line":64,"column":66}}],"line":64},"5":{"loc":{"start":{"line":68,"column":6},"end":{"line":84,"column":7}},"type":"if","locations":[{"start":{"line":68,"column":6},"end":{"line":84,"column":7}},{"start":{"line":68,"column":6},"end":{"line":84,"column":7}}],"line":68},"6":{"loc":{"start":{"line":69,"column":8},"end":{"line":81,"column":9}},"type":"if","locations":[{"start":{"line":69,"column":8},"end":{"line":81,"column":9}},{"start":{"line":69,"column":8},"end":{"line":81,"column":9}}],"line":69}},"s":{"0":0,"1":0,"2":0,"3":0,"4":0,"5":0,"6":0,"7":0,"8":0,"9":0,"10":0,"11":0,"12":0,"13":0,"14":0,"15":0,"16":0,"17":0,"18":0,"19":0,"20":0,"21":0},"f":{"0":0,"1":0,"2":0,"3":0,"4":0,"5":0,"6":0},"b":{"0":[0,0],"1":[0,0],"2":[0,0],"3":[0,0],"4":[0,0],"5":[0,0],"6":[0,0]}}
,"/home/projects/bootcamp8/bc8-frontend/Bootcamp-8/src/components/organisms/Tables/TrustedGroupTable/TrustedGroupTable.js": {"path":"/home/projects/bootcamp8/bc8-frontend/Bootcamp-8/src/components/organisms/Tables/TrustedGroupTable/TrustedGroupTable.js","statementMap":{"0":{"start":{"line":11,"column":27},"end":{"line":88,"column":1}},"1":{"start":{"line":12,"column":32},"end":{"line":12,"column":42}},"2":{"start":{"line":13,"column":24},"end":{"line":61,"column":5}},"3":{"start":{"line":41,"column":16},"end":{"line":50,"column":17}},"4":{"start":{"line":42,"column":20},"end":{"line":47,"column":21}},"5":{"start":{"line":43,"column":24},"end":{"line":43,"column":63}},"6":{"start":{"line":46,"column":24},"end":{"line":46,"column":67}},"7":{"start":{"line":49,"column":20},"end":{"line":49,"column":32}},"8":{"start":{"line":58,"column":12},"end":{"line":58,"column":47}},"9":{"start":{"line":62,"column":24},"end":{"line":64,"column":5}},"10":{"start":{"line":63,"column":8},"end":{"line":63,"column":31}},"11":{"start":{"line":65,"column":4},"end":{"line":87,"column":5}}},"fnMap":{"0":{"name":"(anonymous_0)","decl":{"start":{"line":11,"column":27},"end":{"line":11,"column":28}},"loc":{"start":{"line":11,"column":36},"end":{"line":88,"column":1}},"line":11},"1":{"name":"(anonymous_1)","decl":{"start":{"line":40,"column":23},"end":{"line":40,"column":24}},"loc":{"start":{"line":40,"column":34},"end":{"line":51,"column":13}},"line":40},"2":{"name":"(anonymous_2)","decl":{"start":{"line":57,"column":22},"end":{"line":57,"column":23}},"loc":{"start":{"line":57,"column":33},"end":{"line":59,"column":9}},"line":57},"3":{"name":"(anonymous_3)","decl":{"start":{"line":62,"column":24},"end":{"line":62,"column":25}},"loc":{"start":{"line":62,"column":33},"end":{"line":64,"column":5}},"line":62}},"branchMap":{"0":{"loc":{"start":{"line":41,"column":16},"end":{"line":50,"column":17}},"type":"if","locations":[{"start":{"line":41,"column":16},"end":{"line":50,"column":17}},{"start":{"line":41,"column":16},"end":{"line":50,"column":17}}],"line":41},"1":{"loc":{"start":{"line":42,"column":20},"end":{"line":47,"column":21}},"type":"if","locations":[{"start":{"line":42,"column":20},"end":{"line":47,"column":21}},{"start":{"line":42,"column":20},"end":{"line":47,"column":21}}],"line":42},"2":{"loc":{"start":{"line":58,"column":19},"end":{"line":58,"column":46}},"type":"cond-expr","locations":[{"start":{"line":58,"column":39},"end":{"line":58,"column":41}},{"start":{"line":58,"column":44},"end":{"line":58,"column":46}}],"line":58}},"s":{"0":0,"1":0,"2":0,"3":0,"4":0,"5":0,"6":0,"7":0,"8":0,"9":0,"10":0,"11":0},"f":{"0":0,"1":0,"2":0,"3":0},"b":{"0":[0,0],"1":[0,0],"2":[0,0]}}
[...]
,"/home/projects/bootcamp8/bc8-frontend/Bootcamp-8/src/reducers/index.js": {"path":"/home/projects/bootcamp8/bc8-frontend/Bootcamp-8/src/reducers/index.js","statementMap":{},"fnMap":{},"branchMap":{},"s":{},"f":{},"b":{}}
,"/home/projects/bootcamp8/bc8-frontend/Bootcamp-8/src/services/domainService.js": {"path":"/home/projects/bootcamp8/bc8-frontend/Bootcamp-8/src/services/domainService.js","statementMap":{"0":{"start":{"line":7,"column":28},"end":{"line":21,"column":1}},"1":{"start":{"line":7,"column":48},"end":{"line":21,"column":1}},"2":{"start":{"line":8,"column":16},"end":{"line":8,"column":68}},"3":{"start":{"line":9,"column":4},"end":{"line":20,"column":10}},"4":{"start":{"line":11,"column":12},"end":{"line":15,"column":13}},"5":{"start":{"line":13,"column":16},"end":{"line":13,"column":49}},"6":{"start":{"line":18,"column":12},"end":{"line":18,"column":29}},"7":{"start":{"line":19,"column":12},"end":{"line":19,"column":38}},"8":{"start":{"line":23,"column":28},"end":{"line":38,"column":1}},"9":{"start":{"line":23,"column":52},"end":{"line":38,"column":1}},"10":{"start":{"line":24,"column":4},"end":{"line":24,"column":32}},"11":{"start":{"line":25,"column":16},"end":{"line":25,"column":79}},"12":{"start":{"line":26,"column":4},"end":{"line":37,"column":10}},"13":{"start":{"line":32,"column":12},"end":{"line":32,"column":52}},"14":{"start":{"line":33,"column":12},"end":{"line":33,"column":42}},"15":{"start":{"line":35,"column":12},"end":{"line":35,"column":29}},"16":{"start":{"line":36,"column":12},"end":{"line":36,"column":42}}},"fnMap":{"0":{"name":"(anonymous_0)","decl":{"start":{"line":7,"column":28},"end":{"line":7,"column":29}},"loc":{"start":{"line":7,"column":48},"end":{"line":21,"column":1}},"line":7},"1":{"name":"(anonymous_1)","decl":{"start":{"line":7,"column":48},"end":{"line":7,"column":49}},"loc":{"start":{"line":7,"column":62},"end":{"line":21,"column":1}},"line":7},"2":{"name":"(anonymous_2)","decl":{"start":{"line":10,"column":14},"end":{"line":10,"column":15}},"loc":{"start":{"line":10,"column":20},"end":{"line":16,"column":9}},"line":10},"3":{"name":"(anonymous_3)","decl":{"start":{"line":17,"column":15},"end":{"line":17,"column":16}},"loc":{"start":{"line":17,"column":20},"end":{"line":20,"column":9}},"line":17},"4":{"name":"(anonymous_4)","decl":{"start":{"line":23,"column":28},"end":{"line":23,"column":29}},"loc":{"start":{"line":23,"column":52},"end":{"line":38,"column":1}},"line":23},"5":{"name":"(anonymous_5)","decl":{"start":{"line":23,"column":52},"end":{"line":23,"column":53}},"loc":{"start":{"line":23,"column":66},"end":{"line":38,"column":1}},"line":23},"6":{"name":"(anonymous_6)","decl":{"start":{"line":31,"column":14},"end":{"line":31,"column":15}},"loc":{"start":{"line":31,"column":26},"end":{"line":34,"column":9}},"line":31},"7":{"name":"(anonymous_7)","decl":{"start":{"line":34,"column":17},"end":{"line":34,"column":18}},"loc":{"start":{"line":34,"column":22},"end":{"line":37,"column":9}},"line":34}},"branchMap":{"0":{"loc":{"start":{"line":11,"column":12},"end":{"line":15,"column":13}},"type":"if","locations":[{"start":{"line":11,"column":12},"end":{"line":15,"column":13}},{"start":{"line":11,"column":12},"end":{"line":15,"column":13}}],"line":11}},"s":{"0":0,"1":0,"2":0,"3":0,"4":0,"5":0,"6":0,"7":0,"8":0,"9":0,"10":0,"11":0,"12":0,"13":0,"14":0,"15":0,"16":0},"f":{"0":0,"1":0,"2":0,"3":0,"4":0,"5":0,"6":0,"7":0},"b":{"0":[0,0]}}
,"/home/projects/bootcamp8/bc8-frontend/Bootcamp-8/src/services/DepartmentService/DepartmentService.js": {"path":"/home/projects/bootcamp8/bc8-frontend/Bootcamp-8/src/services/DepartmentService/DepartmentService.js","statementMap":{"0":{"start":{"line":7,"column":32},"end":{"line":24,"column":1}},"1":{"start":{"line":7,"column":38},"end":{"line":24,"column":1}},"2":{"start":{"line":8,"column":14},"end":{"line":8,"column":78}},"3":{"start":{"line":9,"column":18},"end":{"line":9,"column":30}},"4":{"start":{"line":10,"column":2},"end":{"line":23,"column":7}},"5":{"start":{"line":16,"column":6},"end":{"line":18,"column":7}},"6":{"start":{"line":17,"column":8},"end":{"line":17,"column":48}},"7":{"start":{"line":21,"column":6},"end":{"line":21,"column":23}},"8":{"start":{"line":22,"column":6},"end":{"line":22,"column":39}},"9":{"start":{"line":26,"column":29},"end":{"line":42,"column":1}},"10":{"start":{"line":26,"column":38},"end":{"line":42,"column":1}},"11":{"start":{"line":27,"column":14},"end":{"line":27,"column":78}},"12":{"start":{"line":28,"column":16},"end":{"line":32,"column":3}},"13":{"start":{"line":33,"column":2},"end":{"line":41,"column":9}},"14":{"start":{"line":35,"column":8},"end":{"line":37,"column":9}},"15":{"start":{"line":36,"column":10},"end":{"line":36,"column":39}},"16":{"start":{"line":40,"column":8},"end":{"line":40,"column":49}}},"fnMap":{"0":{"name":"(anonymous_0)","decl":{"start":{"line":7,"column":32},"end":{"line":7,"column":33}},"loc":{"start":{"line":7,"column":38},"end":{"line":24,"column":1}},"line":7},"1":{"name":"(anonymous_1)","decl":{"start":{"line":7,"column":38},"end":{"line":7,"column":39}},"loc":{"start":{"line":7,"column":52},"end":{"line":24,"column":1}},"line":7},"2":{"name":"(anonymous_2)","decl":{"start":{"line":15,"column":10},"end":{"line":15,"column":11}},"loc":{"start":{"line":15,"column":20},"end":{"line":19,"column":5}},"line":15},"3":{"name":"(anonymous_3)","decl":{"start":{"line":20,"column":11},"end":{"line":20,"column":12}},"loc":{"start":{"line":20,"column":20},"end":{"line":23,"column":5}},"line":20},"4":{"name":"(anonymous_4)","decl":{"start":{"line":26,"column":29},"end":{"line":26,"column":30}},"loc":{"start":{"line":26,"column":38},"end":{"line":42,"column":1}},"line":26},"5":{"name":"(anonymous_5)","decl":{"start":{"line":26,"column":38},"end":{"line":26,"column":39}},"loc":{"start":{"line":26,"column":51},"end":{"line":42,"column":1}},"line":26},"6":{"name":"(anonymous_6)","decl":{"start":{"line":34,"column":12},"end":{"line":34,"column":13}},"loc":{"start":{"line":34,"column":22},"end":{"line":38,"column":7}},"line":34},"7":{"name":"(anonymous_7)","decl":{"start":{"line":39,"column":13},"end":{"line":39,"column":14}},"loc":{"start":{"line":39,"column":22},"end":{"line":41,"column":7}},"line":39}},"branchMap":{"0":{"loc":{"start":{"line":16,"column":6},"end":{"line":18,"column":7}},"type":"if","locations":[{"start":{"line":16,"column":6},"end":{"line":18,"column":7}},{"start":{"line":16,"column":6},"end":{"line":18,"column":7}}],"line":16},"1":{"loc":{"start":{"line":35,"column":8},"end":{"line":37,"column":9}},"type":"if","locations":[{"start":{"line":35,"column":8},"end":{"line":37,"column":9}},{"start":{"line":35,"column":8},"end":{"line":37,"column":9}}],"line":35}},"s":{"0":0,"1":0,"2":0,"3":0,"4":0,"5":0,"6":0,"7":0,"8":0,"9":0,"10":0,"11":0,"12":0,"13":0,"14":0,"15":0,"16":0},"f":{"0":0,"1":0,"2":0,"3":0,"4":0,"5":0,"6":0,"7":0},"b":{"0":[0,0],"1":[0,0]}}
,"/home/projects/bootcamp8/bc8-frontend/Bootcamp-8/src/services/DomainService/DomainService.js": {"path":"/home/projects/bootcamp8/bc8-frontend/Bootcamp-8/src/services/DomainService/DomainService.js","statementMap":{"0":{"start":{"line":6,"column":28},"end":{"line":23,"column":1}},"1":{"start":{"line":6,"column":62},"end":{"line":23,"column":1}},"2":{"start":{"line":7,"column":14},"end":{"line":7,"column":141}},"3":{"start":{"line":8,"column":18},"end":{"line":8,"column":30}},"4":{"start":{"line":9,"column":2},"end":{"line":22,"column":7}},"5":{"start":{"line":15,"column":6},"end":{"line":17,"column":7}},"6":{"start":{"line":16,"column":8},"end":{"line":16,"column":43}},"7":{"start":{"line":20,"column":6},"end":{"line":20,"column":23}},"8":{"start":{"line":21,"column":6},"end":{"line":21,"column":34}}},"fnMap":{"0":{"name":"(anonymous_0)","decl":{"start":{"line":6,"column":28},"end":{"line":6,"column":29}},"loc":{"start":{"line":6,"column":62},"end":{"line":23,"column":1}},"line":6},"1":{"name":"(anonymous_1)","decl":{"start":{"line":6,"column":62},"end":{"line":6,"column":63}},"loc":{"start":{"line":6,"column":76},"end":{"line":23,"column":1}},"line":6},"2":{"name":"(anonymous_2)","decl":{"start":{"line":14,"column":10},"end":{"line":14,"column":11}},"loc":{"start":{"line":14,"column":20},"end":{"line":18,"column":5}},"line":14},"3":{"name":"(anonymous_3)","decl":{"start":{"line":19,"column":11},"end":{"line":19,"column":12}},"loc":{"start":{"line":19,"column":20},"end":{"line":22,"column":5}},"line":19}},"branchMap":{"0":{"loc":{"start":{"line":15,"column":6},"end":{"line":17,"column":7}},"type":"if","locations":[{"start":{"line":15,"column":6},"end":{"line":17,"column":7}},{"start":{"line":15,"column":6},"end":{"line":17,"column":7}}],"line":15},"1":{"loc":{"start":{"line":15,"column":10},"end":{"line":15,"column":50}},"type":"binary-expr","locations":[{"start":{"line":15,"column":10},"end":{"line":15,"column":28}},{"start":{"line":15,"column":32},"end":{"line":15,"column":50}}],"line":15}},"s":{"0":0,"1":0,"2":0,"3":0,"4":0,"5":0,"6":0,"7":0,"8":0},"f":{"0":0,"1":0,"2":0,"3":0},"b":{"0":[0,0],"1":[0,0]}}
,"/home/projects/bootcamp8/bc8-frontend/Bootcamp-8/src/services/TrustGroupService/PermissionGrantService.js": {"path":"/home/projects/bootcamp8/bc8-frontend/Bootcamp-8/src/services/TrustGroupService/PermissionGrantService.js","statementMap":{"0":{"start":{"line":6,"column":37},"end":{"line":152,"column":1}},"1":{"start":{"line":6,"column":71},"end":{"line":152,"column":1}},"2":{"start":{"line":7,"column":14},"end":{"line":7,"column":149}},"3":{"start":{"line":8,"column":18},"end":{"line":8,"column":30}},"4":{"start":{"line":9,"column":2},"end":{"line":151,"column":7}},"5":{"start":{"line":12,"column":6},"end":{"line":14,"column":7}},"6":{"start":{"line":13,"column":8},"end":{"line":13,"column":53}},"7":{"start":{"line":17,"column":6},"end":{"line":17,"column":23}},"8":{"start":{"line":19,"column":6},"end":{"line":150,"column":8}},"9":{"start":{"line":154,"column":38},"end":{"line":174,"column":1}},"10":{"start":{"line":154,"column":69},"end":{"line":174,"column":1}},"11":{"start":{"line":155,"column":14},"end":{"line":155,"column":85}},"12":{"start":{"line":156,"column":18},"end":{"line":156,"column":30}},"13":{"start":{"line":157,"column":16},"end":{"line":161,"column":3}},"14":{"start":{"line":163,"column":2},"end":{"line":173,"column":7}},"15":{"start":{"line":165,"column":6},"end":{"line":167,"column":7}},"16":{"start":{"line":166,"column":8},"end":{"line":166,"column":92}},"17":{"start":{"line":170,"column":6},"end":{"line":170,"column":23}},"18":{"start":{"line":172,"column":6},"end":{"line":172,"column":45}}},"fnMap":{"0":{"name":"(anonymous_0)","decl":{"start":{"line":6,"column":37},"end":{"line":6,"column":38}},"loc":{"start":{"line":6,"column":71},"end":{"line":152,"column":1}},"line":6},"1":{"name":"(anonymous_1)","decl":{"start":{"line":6,"column":71},"end":{"line":6,"column":72}},"loc":{"start":{"line":6,"column":85},"end":{"line":152,"column":1}},"line":6},"2":{"name":"(anonymous_2)","decl":{"start":{"line":11,"column":10},"end":{"line":11,"column":11}},"loc":{"start":{"line":11,"column":20},"end":{"line":15,"column":5}},"line":11},"3":{"name":"(anonymous_3)","decl":{"start":{"line":16,"column":11},"end":{"line":16,"column":12}},"loc":{"start":{"line":16,"column":20},"end":{"line":151,"column":5}},"line":16},"4":{"name":"(anonymous_4)","decl":{"start":{"line":154,"column":38},"end":{"line":154,"column":39}},"loc":{"start":{"line":154,"column":69},"end":{"line":174,"column":1}},"line":154},"5":{"name":"(anonymous_5)","decl":{"start":{"line":154,"column":69},"end":{"line":154,"column":70}},"loc":{"start":{"line":154,"column":83},"end":{"line":174,"column":1}},"line":154},"6":{"name":"(anonymous_6)","decl":{"start":{"line":164,"column":10},"end":{"line":164,"column":11}},"loc":{"start":{"line":164,"column":20},"end":{"line":168,"column":5}},"line":164},"7":{"name":"(anonymous_7)","decl":{"start":{"line":169,"column":11},"end":{"line":169,"column":12}},"loc":{"start":{"line":169,"column":20},"end":{"line":173,"column":5}},"line":169}},"branchMap":{"0":{"loc":{"start":{"line":12,"column":6},"end":{"line":14,"column":7}},"type":"if","locations":[{"start":{"line":12,"column":6},"end":{"line":14,"column":7}},{"start":{"line":12,"column":6},"end":{"line":14,"column":7}}],"line":12},"1":{"loc":{"start":{"line":12,"column":10},"end":{"line":12,"column":50}},"type":"binary-expr","locations":[{"start":{"line":12,"column":10},"end":{"line":12,"column":28}},{"start":{"line":12,"column":32},"end":{"line":12,"column":50}}],"line":12},"2":{"loc":{"start":{"line":165,"column":6},"end":{"line":167,"column":7}},"type":"if","locations":[{"start":{"line":165,"column":6},"end":{"line":167,"column":7}},{"start":{"line":165,"column":6},"end":{"line":167,"column":7}}],"line":165}},"s":{"0":0,"1":0,"2":0,"3":0,"4":0,"5":0,"6":0,"7":0,"8":0,"9":0,"10":0,"11":0,"12":0,"13":0,"14":0,"15":0,"16":0,"17":0,"18":0},"f":{"0":0,"1":0,"2":0,"3":0,"4":0,"5":0,"6":0,"7":0},"b":{"0":[0,0],"1":[0,0],"2":[0,0]}}
,"/home/projects/bootcamp8/bc8-frontend/Bootcamp-8/src/services/TrustGroupService/PermissionService.js": {"path":"/home/projects/bootcamp8/bc8-frontend/Bootcamp-8/src/services/TrustGroupService/PermissionService.js","statementMap":{"0":{"start":{"line":5,"column":32},"end":{"line":46,"column":1}},"1":{"start":{"line":5,"column":52},"end":{"line":46,"column":1}},"2":{"start":{"line":6,"column":14},"end":{"line":6,"column":114}},"3":{"start":{"line":7,"column":2},"end":{"line":7,"column":46}},"4":{"start":{"line":8,"column":2},"end":{"line":45,"column":7}},"5":{"start":{"line":10,"column":6},"end":{"line":12,"column":7}},"6":{"start":{"line":11,"column":8},"end":{"line":11,"column":48}},"7":{"start":{"line":15,"column":6},"end":{"line":15,"column":23}},"8":{"start":{"line":17,"column":6},"end":{"line":44,"column":8}}},"fnMap":{"0":{"name":"(anonymous_0)","decl":{"start":{"line":5,"column":32},"end":{"line":5,"column":33}},"loc":{"start":{"line":5,"column":52},"end":{"line":46,"column":1}},"line":5},"1":{"name":"(anonymous_1)","decl":{"start":{"line":5,"column":52},"end":{"line":5,"column":53}},"loc":{"start":{"line":5,"column":66},"end":{"line":46,"column":1}},"line":5},"2":{"name":"(anonymous_2)","decl":{"start":{"line":9,"column":10},"end":{"line":9,"column":11}},"loc":{"start":{"line":9,"column":20},"end":{"line":13,"column":5}},"line":9},"3":{"name":"(anonymous_3)","decl":{"start":{"line":14,"column":11},"end":{"line":14,"column":12}},"loc":{"start":{"line":14,"column":20},"end":{"line":45,"column":5}},"line":14}},"branchMap":{"0":{"loc":{"start":{"line":10,"column":6},"end":{"line":12,"column":7}},"type":"if","locations":[{"start":{"line":10,"column":6},"end":{"line":12,"column":7}},{"start":{"line":10,"column":6},"end":{"line":12,"column":7}}],"line":10}},"s":{"0":0,"1":0,"2":0,"3":0,"4":0,"5":0,"6":0,"7":0,"8":0},"f":{"0":0,"1":0,"2":0,"3":0},"b":{"0":[0,0]}}
,"/home/projects/bootcamp8/bc8-frontend/Bootcamp-8/src/services/TrustGroupService/TrustGroupService.js": {"path":"/home/projects/bootcamp8/bc8-frontend/Bootcamp-8/src/services/TrustGroupService/TrustGroupService.js","statementMap":{"0":{"start":{"line":6,"column":32},"end":{"line":43,"column":1}},"1":{"start":{"line":6,"column":38},"end":{"line":43,"column":1}},"2":{"start":{"line":7,"column":14},"end":{"line":7,"column":81}},"3":{"start":{"line":8,"column":18},"end":{"line":8,"column":30}},"4":{"start":{"line":9,"column":2},"end":{"line":42,"column":7}},"5":{"start":{"line":11,"column":6},"end":{"line":13,"column":7}},"6":{"start":{"line":12,"column":8},"end":{"line":12,"column":48}},"7":{"start":{"line":16,"column":6},"end":{"line":16,"column":23}},"8":{"start":{"line":18,"column":6},"end":{"line":41,"column":8}},"9":{"start":{"line":44,"column":29},"end":{"line":60,"column":1}},"10":{"start":{"line":44,"column":39},"end":{"line":60,"column":1}},"11":{"start":{"line":45,"column":14},"end":{"line":45,"column":81}},"12":{"start":{"line":46,"column":16},"end":{"line":50,"column":3}},"13":{"start":{"line":51,"column":2},"end":{"line":59,"column":7}},"14":{"start":{"line":53,"column":6},"end":{"line":55,"column":7}},"15":{"start":{"line":54,"column":8},"end":{"line":54,"column":37}},"16":{"start":{"line":58,"column":6},"end":{"line":58,"column":48}}},"fnMap":{"0":{"name":"(anonymous_0)","decl":{"start":{"line":6,"column":32},"end":{"line":6,"column":33}},"loc":{"start":{"line":6,"column":38},"end":{"line":43,"column":1}},"line":6},"1":{"name":"(anonymous_1)","decl":{"start":{"line":6,"column":38},"end":{"line":6,"column":39}},"loc":{"start":{"line":6,"column":52},"end":{"line":43,"column":1}},"line":6},"2":{"name":"(anonymous_2)","decl":{"start":{"line":10,"column":10},"end":{"line":10,"column":11}},"loc":{"start":{"line":10,"column":20},"end":{"line":14,"column":5}},"line":10},"3":{"name":"(anonymous_3)","decl":{"start":{"line":15,"column":11},"end":{"line":15,"column":12}},"loc":{"start":{"line":15,"column":20},"end":{"line":42,"column":5}},"line":15},"4":{"name":"(anonymous_4)","decl":{"start":{"line":44,"column":29},"end":{"line":44,"column":30}},"loc":{"start":{"line":44,"column":39},"end":{"line":60,"column":1}},"line":44},"5":{"name":"(anonymous_5)","decl":{"start":{"line":44,"column":39},"end":{"line":44,"column":40}},"loc":{"start":{"line":44,"column":53},"end":{"line":60,"column":1}},"line":44},"6":{"name":"(anonymous_6)","decl":{"start":{"line":52,"column":10},"end":{"line":52,"column":11}},"loc":{"start":{"line":52,"column":20},"end":{"line":56,"column":5}},"line":52},"7":{"name":"(anonymous_7)","decl":{"start":{"line":57,"column":11},"end":{"line":57,"column":12}},"loc":{"start":{"line":57,"column":20},"end":{"line":59,"column":5}},"line":57}},"branchMap":{"0":{"loc":{"start":{"line":11,"column":6},"end":{"line":13,"column":7}},"type":"if","locations":[{"start":{"line":11,"column":6},"end":{"line":13,"column":7}},{"start":{"line":11,"column":6},"end":{"line":13,"column":7}}],"line":11},"1":{"loc":{"start":{"line":53,"column":6},"end":{"line":55,"column":7}},"type":"if","locations":[{"start":{"line":53,"column":6},"end":{"line":55,"column":7}},{"start":{"line":53,"column":6},"end":{"line":55,"column":7}}],"line":53}},"s":{"0":0,"1":0,"2":0,"3":0,"4":0,"5":0,"6":0,"7":0,"8":0,"9":0,"10":0,"11":0,"12":0,"13":0,"14":0,"15":0,"16":0},"f":{"0":0,"1":0,"2":0,"3":0,"4":0,"5":0,"6":0,"7":0},"b":{"0":[0,0],"1":[0,0]}}
,"/home/projects/bootcamp8/bc8-frontend/Bootcamp-8/src/store/index.js": {"path":"/home/projects/bootcamp8/bc8-frontend/Bootcamp-8/src/store/index.js","statementMap":{"0":{"start":{"line":4,"column":19},"end":{"line":4,"column":26}},"1":{"start":{"line":5,"column":21},"end":{"line":5,"column":23}},"2":{"start":{"line":8,"column":4},"end":{"line":10,"column":49}},"3":{"start":{"line":12,"column":14},"end":{"line":12,"column":62}}},"fnMap":{},"branchMap":{"0":{"loc":{"start":{"line":8,"column":4},"end":{"line":10,"column":49}},"type":"cond-expr","locations":[{"start":{"line":9,"column":10},"end":{"line":9,"column":40}},{"start":{"line":10,"column":10},"end":{"line":10,"column":49}}],"line":8}},"s":{"0":0,"1":0,"2":0,"3":0},"f":{},"b":{"0":[0,0]}}
,"/home/projects/bootcamp8/bc8-frontend/Bootcamp-8/src/utils/theme.js": {"path":"/home/projects/bootcamp8/bc8-frontend/Bootcamp-8/src/utils/theme.js","statementMap":{"0":{"start":{"line":2,"column":18},"end":{"line":2,"column":20}},"1":{"start":{"line":3,"column":21},"end":{"line":3,"column":23}},"2":{"start":{"line":4,"column":13},"end":{"line":4,"column":26}},"3":{"start":{"line":6,"column":2},"end":{"line":6,"column":47}},"4":{"start":{"line":9,"column":14},"end":{"line":169,"column":2}}},"fnMap":{"0":{"name":"pxToRem","decl":{"start":{"line":5,"column":9},"end":{"line":5,"column":16}},"loc":{"start":{"line":5,"column":24},"end":{"line":7,"column":1}},"line":5}},"branchMap":{},"s":{"0":0,"1":0,"2":0,"3":0,"4":0},"f":{"0":0},"b":{}}
}
