TN:
SF:src/App.js
FN:10,App
FNF:1
FNH:0
FNDA:0,App
DA:11,0
LF:1
LH:0
BRF:0
BRH:0
end_of_record
TN:
SF:src/index.js
FNF:0
FNH:0
DA:5,0
LF:1
LH:0
BRF:0
BRH:0
end_of_record
TN:
SF:src/actions/collobartion.js
FN:3,(anonymous_0)
FNF:1
FNH:0
FNDA:0,(anonymous_0)
DA:3,0
DA:4,0
LF:2
LH:0
BRF:0
BRH:0
end_of_record
TN:
SF:src/actions/departmentAction.js
FN:4,(anonymous_0)
FN:11,(anonymous_1)
FNF:2
FNH:0
FNDA:0,(anonymous_0)
FNDA:0,(anonymous_1)
DA:4,0
DA:5,0
DA:11,0
DA:12,0
LF:4
LH:0
BRF:0
BRH:0
end_of_record
TN:
SF:src/actions/domainAction.js
FN:5,(anonymous_0)
FN:11,(anonymous_1)
FN:18,(anonymous_2)
FN:25,(anonymous_3)
FNF:4
FNH:0
FNDA:0,(anonymous_0)
FNDA:0,(anonymous_1)
FNDA:0,(anonymous_2)
FNDA:0,(anonymous_3)
DA:5,0
DA:6,0
DA:11,0
DA:12,0
DA:18,0
DA:19,0
DA:25,0
DA:26,0
LF:8
LH:0
BRF:0
BRH:0
end_of_record
TN:
SF:src/actions/tabAction.js
FN:3,(anonymous_0)
FNF:1
FNH:0
FNDA:0,(anonymous_0)
DA:3,0
DA:4,0
LF:2
LH:0
BRF:0
BRH:0
end_of_record
TN:
SF:src/actions/testAction.js
FN:4,onIncrement
FN:8,(anonymous_1)
FNF:2
FNH:0
FNDA:0,onIncrement
FNDA:0,(anonymous_1)
DA:5,0
DA:8,0
DA:9,0
LF:3
LH:0
BRF:0
BRH:0
end_of_record
TN:
SF:src/actions/trustGroupAction.js
FN:6,(anonymous_0)
FN:12,(anonymous_1)
FN:18,(anonymous_2)
FN:24,(anonymous_3)
FNF:4
FNH:0
FNDA:0,(anonymous_0)
FNDA:0,(anonymous_1)
FNDA:0,(anonymous_2)
FNDA:0,(anonymous_3)
DA:6,0
DA:7,0
DA:12,0
DA:13,0
DA:18,0
DA:19,0
DA:24,0
DA:25,0
LF:8
LH:0
BRF:0
BRH:0
end_of_record
TN:
SF:src/actions/userAction.js
FN:4,(anonymous_0)
FN:10,(anonymous_1)
FNF:2
FNH:0
FNDA:0,(anonymous_0)
FNDA:0,(anonymous_1)
DA:4,0
DA:5,0
DA:10,0
DA:11,0
LF:4
LH:0
BRF:0
BRH:0
end_of_record
TN:
SF:src/components/atoms/Button.js
FN:4,(anonymous_0)
FNF:1
FNH:0
FNDA:0,(anonymous_0)
DA:4,0
DA:5,0
LF:2
LH:0
BRF:0
BRH:0
end_of_record
TN:
SF:src/components/atoms/index.js
FNF:0
FNH:0
LF:0
LH:0
BRF:0
BRH:0
end_of_record
TN:
SF:src/components/atoms/Chips/BasicChip.js
FN:4,(anonymous_0)
FN:11,(anonymous_1)
FNF:2
FNH:0
FNDA:0,(anonymous_0)
FNDA:0,(anonymous_1)
DA:4,0
DA:11,0
DA:12,0
DA:13,0
LF:4
LH:0
BRF:0
BRH:0
end_of_record
TN:
SF:src/components/atoms/Chips/DarkChip.js
FN:4,(anonymous_0)
FN:13,(anonymous_1)
FNF:2
FNH:0
FNDA:0,(anonymous_0)
FNDA:0,(anonymous_1)
DA:4,0
DA:13,0
DA:14,0
DA:15,0
LF:4
LH:0
BRF:0
BRH:0
end_of_record
TN:
SF:src/components/atoms/Chips/LightChip.js
FN:4,(anonymous_0)
FN:12,(anonymous_1)
FNF:2
FNH:0
FNDA:0,(anonymous_0)
FNDA:0,(anonymous_1)
DA:4,0
DA:12,0
DA:13,0
DA:14,0
LF:4
LH:0
BRF:0
BRH:0
end_of_record
TN:
SF:src/components/atoms/Chips/SemiDarkChip.js
FN:4,(anonymous_0)
FN:14,(anonymous_1)
FNF:2
FNH:0
FNDA:0,(anonymous_0)
FNDA:0,(anonymous_1)
DA:4,0
DA:14,0
DA:15,0
DA:16,0
LF:4
LH:0
BRF:0
BRH:0
end_of_record
TN:
SF:src/components/atoms/Loader/Loader.js
FN:7,(anonymous_0)
FN:14,(anonymous_1)
FNF:2
FNH:0
FNDA:0,(anonymous_0)
FNDA:0,(anonymous_1)
DA:7,0
DA:14,0
DA:15,0
DA:16,0
DA:18,0
DA:27,0
LF:6
LH:0
BRF:0
BRH:0
end_of_record
TN:
SF:src/components/atoms/SideBarIcons/SideBarIcons.js
FN:11,(anonymous_0)
FNF:1
FNH:0
FNDA:0,(anonymous_0)
DA:4,0
DA:11,0
DA:12,0
DA:13,0
LF:4
LH:0
BRF:0
BRH:0
end_of_record
TN:
SF:src/components/molecules/CustomTableHeader.js
FN:10,(anonymous_0)
FN:42,(anonymous_1)
FN:43,(anonymous_2)
FNF:3
FNH:0
FNDA:0,(anonymous_0)
FNDA:0,(anonymous_1)
FNDA:0,(anonymous_2)
DA:10,0
DA:42,0
DA:43,0
DA:44,0
DA:45,0
DA:47,0
DA:48,0
DA:50,0
DA:51,0
DA:56,0
DA:57,0
LF:11
LH:0
BRDA:44,0,0,0
BRDA:44,0,1,0
BRDA:47,1,0,0
BRDA:47,1,1,0
BRDA:47,2,0,0
BRDA:47,2,1,0
BRDA:47,2,2,0
BRDA:59,3,0,0
BRDA:59,3,1,0
BRDA:66,4,0,0
BRDA:66,4,1,0
BRDA:70,5,0,0
BRDA:70,5,1,0
BRDA:74,6,0,0
BRDA:74,6,1,0
BRDA:80,7,0,0
BRDA:80,7,1,0
BRF:17
BRH:0
end_of_record
TN:
SF:src/components/molecules/GroupCellRenderer.js
FN:11,(anonymous_0)
FN:32,(anonymous_1)
FN:35,(anonymous_2)
FN:37,(anonymous_3)
FN:43,(anonymous_4)
FN:62,(anonymous_5)
FNF:6
FNH:0
FNDA:0,(anonymous_0)
FNDA:0,(anonymous_1)
FNDA:0,(anonymous_2)
FNDA:0,(anonymous_3)
FNDA:0,(anonymous_4)
FNDA:0,(anonymous_5)
DA:11,0
DA:32,0
DA:33,0
DA:34,0
DA:35,0
DA:36,0
DA:37,0
DA:38,0
DA:40,0
DA:43,0
DA:44,0
DA:45,0
DA:47,0
DA:63,0
LF:14
LH:0
BRDA:36,0,0,0
BRDA:36,0,1,0
BRDA:38,1,0,0
BRDA:38,1,1,0
BRDA:49,2,0,0
BRDA:49,2,1,0
BRF:6
BRH:0
end_of_record
TN:
SF:src/components/molecules/GroupedHeaderCell.js
FN:10,(anonymous_0)
FN:34,(anonymous_1)
FNF:2
FNH:0
FNDA:0,(anonymous_0)
FNDA:0,(anonymous_1)
DA:10,0
DA:34,0
DA:35,0
DA:36,0
DA:37,0
LF:5
LH:0
BRDA:41,0,0,0
BRDA:41,0,1,0
BRDA:42,1,0,0
BRDA:42,1,1,0
BRDA:43,2,0,0
BRDA:43,2,1,0
BRF:6
BRH:0
end_of_record
TN:
SF:src/components/molecules/GroupedHeaderColumn.js
FN:5,(anonymous_0)
FNF:1
FNH:0
FNDA:0,(anonymous_0)
DA:5,0
DA:6,0
LF:2
LH:0
BRDA:8,0,0,0
BRDA:8,0,1,0
BRF:2
BRH:0
end_of_record
TN:
SF:src/components/molecules/PrimaryColumnGroupedTableCell.js
FN:11,(anonymous_0)
FN:49,(anonymous_1)
FN:53,(anonymous_2)
FNF:3
FNH:0
FNDA:0,(anonymous_0)
FNDA:0,(anonymous_1)
FNDA:0,(anonymous_2)
DA:11,0
DA:49,0
DA:50,0
DA:51,0
DA:53,0
DA:54,0
DA:56,0
LF:7
LH:0
BRDA:58,0,0,0
BRDA:58,0,1,0
BRDA:64,1,0,0
BRDA:64,1,1,0
BRF:4
BRH:0
end_of_record
TN:
SF:src/components/molecules/PrimaryColumnTableCell.js
FN:6,(anonymous_0)
FN:16,(anonymous_1)
FNF:2
FNH:0
FNDA:0,(anonymous_0)
FNDA:0,(anonymous_1)
DA:6,0
DA:16,0
DA:17,0
DA:18,0
LF:4
LH:0
BRDA:20,0,0,0
BRDA:20,0,1,0
BRF:2
BRH:0
end_of_record
TN:
SF:src/components/molecules/RelationShipCellRenderer.js
FN:7,(anonymous_0)
FNF:1
FNH:0
FNDA:0,(anonymous_0)
DA:7,0
DA:8,0
LF:2
LH:0
BRDA:10,0,0,0
BRDA:10,0,1,0
BRDA:12,1,0,0
BRDA:12,1,1,0
BRDA:14,2,0,0
BRDA:14,2,1,0
BRF:6
BRH:0
end_of_record
TN:
SF:src/components/molecules/index.js
FNF:0
FNH:0
LF:0
LH:0
BRF:0
BRH:0
end_of_record
TN:
SF:src/components/molecules/CollaborationPlatform/CollaborationPlatform.js
FN:7,(anonymous_0)
FN:33,(anonymous_1)
FN:55,(anonymous_2)
FNF:3
FNH:0
FNDA:0,(anonymous_0)
FNDA:0,(anonymous_1)
FNDA:0,(anonymous_2)
DA:7,0
DA:33,0
DA:34,0
DA:35,0
DA:55,0
LF:5
LH:0
BRDA:46,0,0,0
BRDA:46,0,1,0
BRF:2
BRH:0
end_of_record
TN:
SF:src/components/molecules/CustomMarkIcon/CustomMarkIcon.js
FN:9,(anonymous_0)
FN:26,(anonymous_1)
FN:30,(anonymous_2)
FN:32,(anonymous_3)
FN:34,(anonymous_4)
FN:47,(anonymous_5)
FNF:6
FNH:0
FNDA:0,(anonymous_0)
FNDA:0,(anonymous_1)
FNDA:0,(anonymous_2)
FNDA:0,(anonymous_3)
FNDA:0,(anonymous_4)
FNDA:0,(anonymous_5)
DA:9,0
DA:26,0
DA:27,0
DA:28,0
DA:29,0
DA:30,0
DA:31,0
DA:32,0
DA:33,0
DA:34,0
DA:35,0
DA:36,0
DA:37,0
DA:42,0
DA:47,0
LF:15
LH:0
BRDA:33,0,0,0
BRDA:33,0,1,0
BRDA:33,1,0,0
BRDA:33,1,1,0
BRDA:35,2,0,0
BRDA:35,2,1,0
BRDA:36,3,0,0
BRDA:36,3,1,0
BRDA:36,4,0,0
BRDA:36,4,1,0
BRDA:51,5,0,0
BRDA:51,5,1,0
BRF:12
BRH:0
end_of_record
TN:
SF:src/components/molecules/CustomTab/CustomTab.js
FN:4,CustomTab
FNF:1
FNH:1
FNDA:14,CustomTab
DA:5,14
LF:1
LH:1
BRF:0
BRH:0
end_of_record
TN:
SF:src/components/molecules/Top Panel/CustomMenuItem.js
FN:5,(anonymous_0)
FN:18,(anonymous_1)
FNF:2
FNH:0
FNDA:0,(anonymous_0)
FNDA:0,(anonymous_1)
DA:5,0
DA:18,0
DA:19,0
DA:20,0
DA:21,0
LF:5
LH:0
BRF:0
BRH:0
end_of_record
TN:
SF:src/components/molecules/Top Panel/DepartmentMenu.js
FN:8,(anonymous_0)
FN:53,(anonymous_1)
FN:58,(anonymous_2)
FN:61,(anonymous_3)
FN:64,(anonymous_4)
FN:106,(anonymous_5)
FN:110,(anonymous_6)
FNF:7
FNH:0
FNDA:0,(anonymous_0)
FNDA:0,(anonymous_1)
FNDA:0,(anonymous_2)
FNDA:0,(anonymous_3)
FNDA:0,(anonymous_4)
FNDA:0,(anonymous_5)
FNDA:0,(anonymous_6)
DA:8,0
DA:53,0
DA:54,0
DA:55,0
DA:56,0
DA:57,0
DA:58,0
DA:59,0
DA:61,0
DA:62,0
DA:64,0
DA:65,0
DA:66,0
DA:68,0
DA:69,0
DA:71,0
DA:107,0
DA:110,0
LF:18
LH:0
BRDA:65,0,0,0
BRDA:65,0,1,0
BRDA:111,1,0,0
BRDA:111,1,1,0
BRF:4
BRH:0
end_of_record
TN:
SF:src/components/molecules/Top Panel/PanelActions.js
FN:4,(anonymous_0)
FN:34,(anonymous_1)
FN:39,(anonymous_2)
FNF:3
FNH:0
FNDA:0,(anonymous_0)
FNDA:0,(anonymous_1)
FNDA:0,(anonymous_2)
DA:4,0
DA:34,0
DA:35,0
DA:36,0
DA:37,0
DA:40,0
LF:6
LH:0
BRDA:41,0,0,0
BRDA:41,0,1,0
BRF:2
BRH:0
end_of_record
TN:
SF:src/components/molecules/Top Panel/PanelSearchBar.js
FN:6,(anonymous_0)
FNF:1
FNH:0
FNDA:0,(anonymous_0)
DA:6,0
DA:7,0
DA:8,0
LF:3
LH:0
BRF:0
BRH:0
end_of_record
TN:
SF:src/components/organisms/TestRedux.js
FN:6,(anonymous_0)
FN:8,(anonymous_1)
FN:11,(anonymous_2)
FN:12,(anonymous_3)
FN:14,(anonymous_4)
FNF:5
FNH:0
FNDA:0,(anonymous_0)
FNDA:0,(anonymous_1)
FNDA:0,(anonymous_2)
FNDA:0,(anonymous_3)
FNDA:0,(anonymous_4)
DA:6,0
DA:7,0
DA:8,0
DA:9,0
DA:11,0
DA:12,0
DA:14,0
LF:7
LH:0
BRF:0
BRH:0
end_of_record
TN:
SF:src/components/organisms/AllExternalPartnersView/AllExternalPartnersView.js
FN:8,(anonymous_0)
FN:11,(anonymous_1)
FN:20,(anonymous_2)
FNF:3
FNH:0
FNDA:0,(anonymous_0)
FNDA:0,(anonymous_1)
FNDA:0,(anonymous_2)
DA:8,0
DA:11,0
DA:12,0
DA:13,0
DA:14,0
DA:16,0
DA:17,0
DA:18,0
DA:19,0
DA:20,0
DA:21,0
DA:24,0
LF:12
LH:0
BRF:0
BRH:0
end_of_record
TN:
SF:src/components/organisms/Authentication/Authentication.js
FN:7,(anonymous_0)
FN:9,(anonymous_1)
FN:11,(anonymous_2)
FN:18,(anonymous_3)
FN:25,(anonymous_4)
FNF:5
FNH:0
FNDA:0,(anonymous_0)
FNDA:0,(anonymous_1)
FNDA:0,(anonymous_2)
FNDA:0,(anonymous_3)
FNDA:0,(anonymous_4)
DA:7,0
DA:8,0
DA:9,0
DA:11,0
DA:12,0
DA:13,0
DA:14,0
DA:18,0
DA:19,0
DA:20,0
DA:21,0
DA:25,0
DA:26,0
DA:29,0
LF:14
LH:0
BRDA:13,0,0,0
BRDA:13,0,1,0
BRDA:19,1,0,0
BRDA:19,1,1,0
BRDA:29,2,0,0
BRDA:29,2,1,0
BRF:6
BRH:0
end_of_record
TN:
SF:src/components/organisms/BaseComponent/BaseComponent.js
FN:18,BaseComponent
FN:20,(anonymous_1)
FN:21,(anonymous_2)
FN:22,(anonymous_3)
FN:23,(anonymous_4)
FN:24,(anonymous_5)
FN:25,(anonymous_6)
FN:26,(anonymous_7)
FN:28,(anonymous_8)
FN:36,(anonymous_9)
FN:40,(anonymous_10)
FN:45,getTrustedGroupTableData
FN:48,(anonymous_12)
FN:49,(anonymous_13)
FN:55,(anonymous_14)
FN:63,(anonymous_15)
FN:67,(anonymous_16)
FNF:17
FNH:0
FNDA:0,BaseComponent
FNDA:0,(anonymous_1)
FNDA:0,(anonymous_2)
FNDA:0,(anonymous_3)
FNDA:0,(anonymous_4)
FNDA:0,(anonymous_5)
FNDA:0,(anonymous_6)
FNDA:0,(anonymous_7)
FNDA:0,(anonymous_8)
FNDA:0,(anonymous_9)
FNDA:0,(anonymous_10)
FNDA:0,getTrustedGroupTableData
FNDA:0,(anonymous_12)
FNDA:0,(anonymous_13)
FNDA:0,(anonymous_14)
FNDA:0,(anonymous_15)
FNDA:0,(anonymous_16)
DA:19,0
DA:20,0
DA:21,0
DA:22,0
DA:23,0
DA:24,0
DA:25,0
DA:26,0
DA:28,0
DA:29,0
DA:30,0
DA:31,0
DA:32,0
DA:33,0
DA:36,0
DA:37,0
DA:40,0
DA:41,0
DA:42,0
DA:46,0
DA:47,0
DA:48,0
DA:49,0
DA:55,0
DA:56,0
DA:57,0
DA:58,0
DA:59,0
DA:60,0
DA:63,0
DA:64,0
DA:67,0
DA:68,0
DA:71,0
LF:34
LH:0
BRDA:56,0,0,0
BRDA:56,0,1,0
BRDA:75,1,0,0
BRDA:75,1,1,0
BRDA:82,2,0,0
BRDA:82,2,1,0
BRF:6
BRH:0
end_of_record
TN:
SF:src/components/organisms/Body/Body.js
FN:5,(anonymous_0)
FNF:1
FNH:0
FNDA:0,(anonymous_0)
DA:5,0
DA:6,0
LF:2
LH:0
BRDA:6,0,0,0
BRDA:6,0,1,0
BRF:2
BRH:0
end_of_record
TN:
SF:src/components/organisms/Body/BodyContainer.js
FN:6,(anonymous_0)
FN:7,(anonymous_1)
FNF:2
FNH:0
FNDA:0,(anonymous_0)
FNDA:0,(anonymous_1)
DA:6,0
DA:7,0
DA:9,0
LF:3
LH:0
BRF:0
BRH:0
end_of_record
TN:
SF:src/components/organisms/Login/Login.js
FN:5,(anonymous_0)
FNF:1
FNH:0
FNDA:0,(anonymous_0)
DA:5,0
DA:7,0
LF:2
LH:0
BRF:0
BRH:0
end_of_record
TN:
SF:src/components/organisms/Modal/CreateModalComponent.js
FN:10,(anonymous_0)
FN:14,(anonymous_1)
FN:18,(anonymous_2)
FN:27,(anonymous_3)
FNF:4
FNH:1
FNDA:4,(anonymous_0)
FNDA:0,(anonymous_1)
FNDA:0,(anonymous_2)
FNDA:0,(anonymous_3)
DA:10,1
DA:11,4
DA:12,4
DA:13,4
DA:14,4
DA:15,0
DA:16,0
DA:18,4
DA:19,0
DA:20,0
DA:21,0
DA:24,0
DA:27,4
DA:28,0
DA:29,0
DA:30,0
DA:32,4
LF:17
LH:8
BRDA:16,0,0,0
BRDA:16,0,1,0
BRDA:19,1,0,0
BRDA:19,1,1,0
BRF:4
BRH:0
end_of_record
TN:
SF:src/components/organisms/ModalForCollaborationPlatform/ModalForCollaborationPlatform.js
FN:7,(anonymous_0)
FN:29,(anonymous_1)
FN:31,(anonymous_2)
FNF:3
FNH:0
FNDA:0,(anonymous_0)
FNDA:0,(anonymous_1)
FNDA:0,(anonymous_2)
DA:7,0
DA:8,0
DA:9,0
DA:30,0
DA:31,0
LF:5
LH:0
BRDA:40,0,0,0
BRDA:40,0,1,0
BRF:2
BRH:0
end_of_record
TN:
SF:src/components/organisms/ModalForCollaborationPlatform/ModalForCollaborationPlatformContainer.js
FN:13,(anonymous_0)
FN:28,(anonymous_1)
FNF:2
FNH:0
FNDA:0,(anonymous_0)
FNDA:0,(anonymous_1)
DA:13,0
DA:14,0
DA:16,0
DA:24,0
DA:28,0
LF:5
LH:0
BRF:0
BRH:0
end_of_record
TN:
SF:src/components/organisms/PermissionAccess/ActivePermission.js
FN:19,(anonymous_0)
FN:36,(anonymous_1)
FN:42,(anonymous_2)
FNF:3
FNH:0
FNDA:0,(anonymous_0)
FNDA:0,(anonymous_1)
FNDA:0,(anonymous_2)
DA:8,0
DA:19,0
DA:20,0
DA:21,0
DA:22,0
DA:36,0
DA:42,0
LF:7
LH:0
BRF:0
BRH:0
end_of_record
TN:
SF:src/components/organisms/SideNavigationBar/SideNavigationBar.js
FN:40,(anonymous_0)
FN:45,(anonymous_1)
FN:49,(anonymous_2)
FN:70,(anonymous_3)
FN:78,(anonymous_4)
FN:86,(anonymous_5)
FN:94,(anonymous_6)
FN:102,(anonymous_7)
FN:114,(anonymous_8)
FN:125,(anonymous_9)
FN:128,(anonymous_10)
FNF:11
FNH:0
FNDA:0,(anonymous_0)
FNDA:0,(anonymous_1)
FNDA:0,(anonymous_2)
FNDA:0,(anonymous_3)
FNDA:0,(anonymous_4)
FNDA:0,(anonymous_5)
FNDA:0,(anonymous_6)
FNDA:0,(anonymous_7)
FNDA:0,(anonymous_8)
FNDA:0,(anonymous_9)
FNDA:0,(anonymous_10)
DA:16,0
DA:40,0
DA:41,0
DA:42,0
DA:43,0
DA:45,0
DA:46,0
DA:49,0
DA:50,0
DA:53,0
DA:70,0
DA:78,0
DA:86,0
DA:94,0
DA:102,0
DA:114,0
DA:126,0
DA:129,0
DA:130,0
LF:19
LH:0
BRDA:69,0,0,0
BRDA:69,0,1,0
BRDA:77,1,0,0
BRDA:77,1,1,0
BRDA:85,2,0,0
BRDA:85,2,1,0
BRDA:93,3,0,0
BRDA:93,3,1,0
BRDA:101,4,0,0
BRDA:101,4,1,0
BRDA:113,5,0,0
BRDA:113,5,1,0
BRDA:127,6,0,0
BRDA:127,6,1,0
BRF:14
BRH:0
end_of_record
TN:
SF:src/components/organisms/Tables/AllExternalPartnersTable/AllExternalPartnersTable.js
FN:10,(anonymous_0)
FN:14,(anonymous_1)
FN:32,(anonymous_2)
FN:46,(anonymous_3)
FN:63,(anonymous_4)
FN:67,(anonymous_5)
FN:101,(anonymous_6)
FNF:7
FNH:0
FNDA:0,(anonymous_0)
FNDA:0,(anonymous_1)
FNDA:0,(anonymous_2)
FNDA:0,(anonymous_3)
FNDA:0,(anonymous_4)
FNDA:0,(anonymous_5)
FNDA:0,(anonymous_6)
DA:10,0
DA:11,0
DA:12,0
DA:14,0
DA:15,0
DA:16,0
DA:20,0
DA:33,0
DA:47,0
DA:48,0
DA:49,0
DA:51,0
DA:54,0
DA:64,0
DA:68,0
DA:69,0
DA:70,0
DA:76,0
DA:83,0
DA:101,0
DA:102,0
DA:104,0
LF:22
LH:0
BRDA:15,0,0,0
BRDA:15,0,1,0
BRDA:47,1,0,0
BRDA:47,1,1,0
BRDA:48,2,0,0
BRDA:48,2,1,0
BRDA:64,3,0,0
BRDA:64,3,1,0
BRDA:64,4,0,0
BRDA:64,4,1,0
BRDA:68,5,0,0
BRDA:68,5,1,0
BRDA:69,6,0,0
BRDA:69,6,1,0
BRF:14
BRH:0
end_of_record
TN:
SF:src/components/organisms/Tables/TrustedGroupTable/TrustedGroupTable.js
FN:11,(anonymous_0)
FN:40,(anonymous_1)
FN:57,(anonymous_2)
FN:62,(anonymous_3)
FNF:4
FNH:0
FNDA:0,(anonymous_0)
FNDA:0,(anonymous_1)
FNDA:0,(anonymous_2)
FNDA:0,(anonymous_3)
DA:11,0
DA:12,0
DA:13,0
DA:41,0
DA:42,0
DA:43,0
DA:46,0
DA:49,0
DA:58,0
DA:62,0
DA:63,0
DA:65,0
LF:12
LH:0
BRDA:41,0,0,0
BRDA:41,0,1,0
BRDA:42,1,0,0
BRDA:42,1,1,0
BRDA:58,2,0,0
BRDA:58,2,1,0
BRF:6
BRH:0
end_of_record
TN:
SF:src/components/organisms/Top Panel Component/TopPanelComponent.js
FN:15,(anonymous_0)
FN:65,(anonymous_1)
FN:68,getPanelActions
FN:76,frameDepartments
FN:77,(anonymous_4)
FN:88,(anonymous_5)
FN:99,(anonymous_6)
FNF:7
FNH:0
FNDA:0,(anonymous_0)
FNDA:0,(anonymous_1)
FNDA:0,getPanelActions
FNDA:0,frameDepartments
FNDA:0,(anonymous_4)
FNDA:0,(anonymous_5)
FNDA:0,(anonymous_6)
DA:15,0
DA:65,0
DA:66,0
DA:67,0
DA:69,0
DA:77,0
DA:78,0
DA:79,0
DA:81,0
DA:85,0
DA:86,0
DA:88,0
DA:89,0
DA:90,0
DA:93,0
DA:99,0
LF:16
LH:0
BRDA:89,0,0,0
BRDA:89,0,1,0
BRDA:103,1,0,0
BRDA:103,1,1,0
BRF:4
BRH:0
end_of_record
TN:
SF:src/components/organisms/TopNavigationBar/TopNavigationBar.js
FN:16,(anonymous_0)
FN:22,(anonymous_1)
FNF:2
FNH:0
FNDA:0,(anonymous_0)
FNDA:0,(anonymous_1)
DA:16,0
DA:22,0
DA:23,0
DA:24,0
LF:4
LH:0
BRF:0
BRH:0
end_of_record
TN:
SF:src/components/organisms/TrustGroupPermissionGrid/CustomTableHeader.js
FN:10,(anonymous_0)
FN:42,(anonymous_1)
FNF:2
FNH:0
FNDA:0,(anonymous_0)
FNDA:0,(anonymous_1)
DA:10,0
DA:42,0
DA:43,0
DA:44,0
LF:4
LH:0
BRDA:46,0,0,0
BRDA:46,0,1,0
BRDA:50,1,0,0
BRDA:50,1,1,0
BRDA:57,2,0,0
BRDA:57,2,1,0
BRF:6
BRH:0
end_of_record
TN:
SF:src/components/organisms/TrustGroupPermissionGrid/PrimaryColumnTableCell.js
FN:5,(anonymous_0)
FN:14,(anonymous_1)
FNF:2
FNH:0
FNDA:0,(anonymous_0)
FNDA:0,(anonymous_1)
DA:5,0
DA:14,0
DA:15,0
DA:16,0
LF:4
LH:0
BRDA:18,0,0,0
BRDA:18,0,1,0
BRF:2
BRH:0
end_of_record
TN:
SF:src/components/organisms/TrustGroupPermissionGrid/TrustGroupPermissionGrid.js
FN:9,(anonymous_0)
FN:14,getColumnDefs
FN:30,(anonymous_2)
FN:37,(anonymous_3)
FN:49,getRowData
FN:50,(anonymous_5)
FN:55,(anonymous_6)
FN:56,(anonymous_7)
FN:57,(anonymous_8)
FN:70,(anonymous_9)
FNF:10
FNH:0
FNDA:0,(anonymous_0)
FNDA:0,getColumnDefs
FNDA:0,(anonymous_2)
FNDA:0,(anonymous_3)
FNDA:0,getRowData
FNDA:0,(anonymous_5)
FNDA:0,(anonymous_6)
FNDA:0,(anonymous_7)
FNDA:0,(anonymous_8)
FNDA:0,(anonymous_9)
DA:9,0
DA:10,0
DA:11,0
DA:12,0
DA:15,0
DA:30,0
DA:31,0
DA:38,0
DA:39,0
DA:46,0
DA:50,0
DA:51,0
DA:52,0
DA:53,0
DA:54,0
DA:55,0
DA:57,0
DA:58,0
DA:60,0
DA:64,0
DA:71,0
DA:82,0
LF:22
LH:0
BRF:0
BRH:0
end_of_record
TN:
SF:src/components/organisms/TrustGroupsNavBar/TrustGroupsNavBar.js
FN:9,(anonymous_0)
FN:23,TrustGroupsNavBar
FN:33,(anonymous_2)
FN:39,(anonymous_3)
FN:46,(anonymous_4)
FNF:5
FNH:4
FNDA:1,(anonymous_0)
FNDA:5,TrustGroupsNavBar
FNDA:0,(anonymous_2)
FNDA:20,(anonymous_3)
FNDA:1,(anonymous_4)
DA:9,1
DA:24,5
DA:25,5
DA:27,5
DA:33,0
DA:40,20
DA:41,15
DA:46,1
LF:8
LH:7
BRDA:40,0,0,15
BRDA:40,0,1,5
BRF:2
BRH:2
end_of_record
TN:
SF:src/components/templates/index.js
FNF:0
FNH:0
LF:0
LH:0
BRF:0
BRH:0
end_of_record
TN:
SF:src/components/templates/LoginPageTemplate/LoginPageTemplate.js
FN:4,(anonymous_0)
FN:11,TableScreenTemplate
FNF:2
FNH:0
FNDA:0,(anonymous_0)
FNDA:0,TableScreenTemplate
DA:4,0
DA:12,0
DA:14,0
LF:3
LH:0
BRF:0
BRH:0
end_of_record
TN:
SF:src/components/templates/TableScreenTemplate/TableScreenTemplate.js
FN:4,(anonymous_0)
FN:18,TableScreenTemplate
FNF:2
FNH:0
FNDA:0,(anonymous_0)
FNDA:0,TableScreenTemplate
DA:4,0
DA:19,0
DA:21,0
LF:3
LH:0
BRF:0
BRH:0
end_of_record
TN:
SF:src/constants/index.js
FNF:0
FNH:0
DA:1,1
DA:2,1
DA:3,1
DA:4,1
DA:6,1
DA:7,1
DA:10,1
DA:11,1
DA:13,1
DA:14,1
DA:15,1
DA:16,1
DA:17,1
DA:18,1
DA:19,1
DA:21,1
DA:23,1
DA:25,1
DA:27,1
DA:28,1
DA:30,1
DA:31,1
DA:32,1
DA:33,1
DA:34,1
DA:35,1
DA:36,1
DA:38,1
LF:28
LH:28
BRF:0
BRH:0
end_of_record
TN:
SF:src/helpers/AllExternalPartnersHelper.js
FN:7,(anonymous_0)
FN:19,(anonymous_1)
FN:25,(anonymous_2)
FN:29,(anonymous_3)
FNF:4
FNH:0
FNDA:0,(anonymous_0)
FNDA:0,(anonymous_1)
FNDA:0,(anonymous_2)
FNDA:0,(anonymous_3)
DA:7,0
DA:8,0
DA:9,0
DA:10,0
DA:11,0
DA:12,0
DA:13,0
DA:15,0
DA:19,0
DA:20,0
DA:22,0
DA:23,0
DA:25,0
DA:26,0
DA:29,0
DA:30,0
DA:31,0
DA:32,0
DA:33,0
DA:34,0
DA:35,0
DA:37,0
DA:42,0
LF:23
LH:0
BRDA:8,0,0,0
BRDA:8,0,1,0
BRDA:10,1,0,0
BRDA:10,1,1,0
BRDA:12,2,0,0
BRDA:12,2,1,0
BRDA:12,3,0,0
BRDA:12,3,1,0
BRDA:22,4,0,0
BRDA:22,4,1,0
BRDA:22,5,0,0
BRDA:22,5,1,0
BRDA:33,6,0,0
BRDA:33,6,1,0
BRF:14
BRH:0
end_of_record
TN:
SF:src/helpers/UserHelper.js
FN:3,(anonymous_0)
FN:7,(anonymous_1)
FNF:2
FNH:0
FNDA:0,(anonymous_0)
FNDA:0,(anonymous_1)
DA:3,0
DA:4,0
DA:7,0
DA:8,0
LF:4
LH:0
BRF:0
BRH:0
end_of_record
TN:
SF:src/pages/index.js
FNF:0
FNH:0
LF:0
LH:0
BRF:0
BRH:0
end_of_record
TN:
SF:src/pages/HomePage/HomePage.js
FN:10,HomePage
FN:13,(anonymous_1)
FNF:2
FNH:0
FNDA:0,HomePage
FNDA:0,(anonymous_1)
DA:11,0
DA:13,0
DA:14,0
DA:15,0
DA:18,0
LF:5
LH:0
BRF:0
BRH:0
end_of_record
TN:
SF:src/pages/LoginPage/LoginPage.js
FN:5,LoginPage
FNF:1
FNH:0
FNDA:0,LoginPage
DA:6,0
LF:1
LH:0
BRF:0
BRH:0
end_of_record
TN:
SF:src/reducers/ApplicationReducer.js
FN:36,(anonymous_0)
FN:43,(anonymous_1)
FN:58,(anonymous_2)
FN:74,(anonymous_3)
FN:85,(anonymous_4)
FN:94,(anonymous_5)
FN:102,(anonymous_6)
FN:113,(anonymous_7)
FNF:8
FNH:0
FNDA:0,(anonymous_0)
FNDA:0,(anonymous_1)
FNDA:0,(anonymous_2)
FNDA:0,(anonymous_3)
FNDA:0,(anonymous_4)
FNDA:0,(anonymous_5)
FNDA:0,(anonymous_6)
FNDA:0,(anonymous_7)
DA:18,0
DA:36,0
DA:37,0
DA:40,0
DA:41,0
DA:42,0
DA:43,0
DA:44,0
DA:45,0
DA:48,0
DA:49,0
DA:52,0
DA:55,0
DA:57,0
DA:58,0
DA:62,0
DA:65,0
DA:69,0
DA:72,0
DA:73,0
DA:74,0
DA:81,0
DA:84,0
DA:85,0
DA:90,0
DA:93,0
DA:94,0
DA:98,0
DA:101,0
DA:102,0
DA:108,0
DA:111,0
DA:112,0
DA:113,0
DA:114,0
DA:115,0
DA:118,0
DA:121,0
DA:124,0
LF:39
LH:0
BRDA:36,0,0,0
BRDA:37,1,0,0
BRDA:37,1,1,0
BRDA:37,1,2,0
BRDA:37,1,3,0
BRDA:37,1,4,0
BRDA:37,1,5,0
BRDA:37,1,6,0
BRDA:37,1,7,0
BRDA:37,1,8,0
BRDA:37,1,9,0
BRDA:37,1,10,0
BRDA:37,1,11,0
BRDA:37,1,12,0
BRDA:44,2,0,0
BRDA:44,2,1,0
BRDA:114,3,0,0
BRDA:114,3,1,0
BRF:18
BRH:0
end_of_record
TN:
SF:src/reducers/TestReducer.js
FN:4,(anonymous_0)
FN:7,(anonymous_1)
FN:9,(anonymous_2)
FNF:3
FNH:0
FNDA:0,(anonymous_0)
FNDA:0,(anonymous_1)
FNDA:0,(anonymous_2)
DA:2,0
DA:4,0
DA:5,0
DA:7,0
DA:9,0
DA:11,0
LF:6
LH:0
BRDA:4,0,0,0
BRDA:5,1,0,0
BRDA:5,1,1,0
BRDA:5,1,2,0
BRF:4
BRH:0
end_of_record
TN:
SF:src/reducers/UserReducer.js
FN:7,(anonymous_0)
FNF:1
FNH:0
FNDA:0,(anonymous_0)
DA:3,0
DA:7,0
DA:8,0
DA:10,0
DA:13,0
DA:16,0
LF:6
LH:0
BRDA:7,0,0,0
BRDA:8,1,0,0
BRDA:8,1,1,0
BRDA:8,1,2,0
BRF:4
BRH:0
end_of_record
TN:
SF:src/reducers/index.js
FNF:0
FNH:0
LF:0
LH:0
BRF:0
BRH:0
end_of_record
TN:
SF:src/services/domainService.js
FN:7,(anonymous_0)
FN:7,(anonymous_1)
FN:10,(anonymous_2)
FN:17,(anonymous_3)
FN:23,(anonymous_4)
FN:23,(anonymous_5)
FN:31,(anonymous_6)
FN:34,(anonymous_7)
FNF:8
FNH:0
FNDA:0,(anonymous_0)
FNDA:0,(anonymous_1)
FNDA:0,(anonymous_2)
FNDA:0,(anonymous_3)
FNDA:0,(anonymous_4)
FNDA:0,(anonymous_5)
FNDA:0,(anonymous_6)
FNDA:0,(anonymous_7)
DA:7,0
DA:8,0
DA:9,0
DA:11,0
DA:13,0
DA:18,0
DA:19,0
DA:23,0
DA:24,0
DA:25,0
DA:26,0
DA:32,0
DA:33,0
DA:35,0
DA:36,0
LF:15
LH:0
BRDA:11,0,0,0
BRDA:11,0,1,0
BRF:2
BRH:0
end_of_record
TN:
SF:src/services/DepartmentService/DepartmentService.js
FN:7,(anonymous_0)
FN:7,(anonymous_1)
FN:15,(anonymous_2)
FN:20,(anonymous_3)
FN:26,(anonymous_4)
FN:26,(anonymous_5)
FN:34,(anonymous_6)
FN:39,(anonymous_7)
FNF:8
FNH:0
FNDA:0,(anonymous_0)
FNDA:0,(anonymous_1)
FNDA:0,(anonymous_2)
FNDA:0,(anonymous_3)
FNDA:0,(anonymous_4)
FNDA:0,(anonymous_5)
FNDA:0,(anonymous_6)
FNDA:0,(anonymous_7)
DA:7,0
DA:8,0
DA:9,0
DA:10,0
DA:16,0
DA:17,0
DA:21,0
DA:22,0
DA:26,0
DA:27,0
DA:28,0
DA:33,0
DA:35,0
DA:36,0
DA:40,0
LF:15
LH:0
BRDA:16,0,0,0
BRDA:16,0,1,0
BRDA:35,1,0,0
BRDA:35,1,1,0
BRF:4
BRH:0
end_of_record
TN:
SF:src/services/DomainService/DomainService.js
FN:6,(anonymous_0)
FN:6,(anonymous_1)
FN:14,(anonymous_2)
FN:19,(anonymous_3)
FNF:4
FNH:0
FNDA:0,(anonymous_0)
FNDA:0,(anonymous_1)
FNDA:0,(anonymous_2)
FNDA:0,(anonymous_3)
DA:6,0
DA:7,0
DA:8,0
DA:9,0
DA:15,0
DA:16,0
DA:20,0
DA:21,0
LF:8
LH:0
BRDA:15,0,0,0
BRDA:15,0,1,0
BRDA:15,1,0,0
BRDA:15,1,1,0
BRF:4
BRH:0
end_of_record
TN:
SF:src/services/TrustGroupService/PermissionGrantService.js
FN:6,(anonymous_0)
FN:6,(anonymous_1)
FN:11,(anonymous_2)
FN:16,(anonymous_3)
FN:154,(anonymous_4)
FN:154,(anonymous_5)
FN:164,(anonymous_6)
FN:169,(anonymous_7)
FNF:8
FNH:0
FNDA:0,(anonymous_0)
FNDA:0,(anonymous_1)
FNDA:0,(anonymous_2)
FNDA:0,(anonymous_3)
FNDA:0,(anonymous_4)
FNDA:0,(anonymous_5)
FNDA:0,(anonymous_6)
FNDA:0,(anonymous_7)
DA:6,0
DA:7,0
DA:8,0
DA:9,0
DA:12,0
DA:13,0
DA:17,0
DA:19,0
DA:154,0
DA:155,0
DA:156,0
DA:157,0
DA:163,0
DA:165,0
DA:166,0
DA:170,0
DA:172,0
LF:17
LH:0
BRDA:12,0,0,0
BRDA:12,0,1,0
BRDA:12,1,0,0
BRDA:12,1,1,0
BRDA:165,2,0,0
BRDA:165,2,1,0
BRF:6
BRH:0
end_of_record
TN:
SF:src/services/TrustGroupService/PermissionService.js
FN:5,(anonymous_0)
FN:5,(anonymous_1)
FN:9,(anonymous_2)
FN:14,(anonymous_3)
FNF:4
FNH:0
FNDA:0,(anonymous_0)
FNDA:0,(anonymous_1)
FNDA:0,(anonymous_2)
FNDA:0,(anonymous_3)
DA:5,0
DA:6,0
DA:7,0
DA:8,0
DA:10,0
DA:11,0
DA:15,0
DA:17,0
LF:8
LH:0
BRDA:10,0,0,0
BRDA:10,0,1,0
BRF:2
BRH:0
end_of_record
TN:
SF:src/services/TrustGroupService/TrustGroupService.js
FN:6,(anonymous_0)
FN:6,(anonymous_1)
FN:10,(anonymous_2)
FN:15,(anonymous_3)
FN:44,(anonymous_4)
FN:44,(anonymous_5)
FN:52,(anonymous_6)
FN:57,(anonymous_7)
FNF:8
FNH:0
FNDA:0,(anonymous_0)
FNDA:0,(anonymous_1)
FNDA:0,(anonymous_2)
FNDA:0,(anonymous_3)
FNDA:0,(anonymous_4)
FNDA:0,(anonymous_5)
FNDA:0,(anonymous_6)
FNDA:0,(anonymous_7)
DA:6,0
DA:7,0
DA:8,0
DA:9,0
DA:11,0
DA:12,0
DA:16,0
DA:18,0
DA:44,0
DA:45,0
DA:46,0
DA:51,0
DA:53,0
DA:54,0
DA:58,0
LF:15
LH:0
BRDA:11,0,0,0
BRDA:11,0,1,0
BRDA:53,1,0,0
BRDA:53,1,1,0
BRF:4
BRH:0
end_of_record
TN:
SF:src/store/index.js
FNF:0
FNH:0
DA:4,0
DA:5,0
DA:8,0
DA:12,0
LF:4
LH:0
BRDA:8,0,0,0
BRDA:8,0,1,0
BRF:2
BRH:0
end_of_record
TN:
SF:src/utils/theme.js
FN:5,pxToRem
FNF:1
FNH:0
FNDA:0,pxToRem
DA:2,0
DA:3,0
DA:4,0
DA:6,0
DA:9,0
LF:5
LH:0
BRF:0
BRH:0
end_of_record
